2018-05-01 02:41:06,050 [Worker-2] INFO  c.g.t.t.d.PublishedGradleVersions - Gradle version information cache is out-of-date. Trying to update.
2018-05-01 02:42:59,091 [Worker-3] INFO  o.e.m.c.i.p.ProjectConfigurationManager - Collecting project info '/pom.xml' D:\workspace_java_basic\sample\pom.xml
2018-05-01 02:43:00,178 [Worker-3] INFO  o.e.m.c.i.l.LifecycleMappingFactory - Using org.eclipse.m2e.jdt.JarLifecycleMapping lifecycle mapping for MavenProject: ClassLoader:sample:0.0.1-SNAPSHOT @ D:\workspace_java_basic\sample\pom.xml.
2018-05-01 02:43:01,003 [Worker-3] INFO  o.e.m.j.i.AbstractJavaProjectConfigurator - Adding source folder /sample/src/main/java
2018-05-01 02:43:01,008 [Worker-3] INFO  o.e.m.j.i.AbstractJavaProjectConfigurator - Adding source folder /sample/src/test/java
2018-05-01 02:43:01,907 [Worker-3] INFO  o.e.m.c.i.p.ProjectConfigurationManager - Imported and configured 1 project(s) in 2 sec
2018-05-01 02:43:02,592 [Worker-16] INFO  o.e.m.c.i.embedder.EclipseLogger - Using 'UTF-8' encoding to copy filtered resources.
2018-05-01 02:43:02,592 [Worker-16] INFO  o.e.m.c.i.embedder.EclipseLogger - skip non existing resourceDirectory D:\workspace_java_basic\sample\src\main\resources
2018-05-01 02:43:02,594 [Worker-16] INFO  o.e.m.c.i.embedder.EclipseLogger - Using 'UTF-8' encoding to copy filtered resources.
2018-05-01 02:43:02,595 [Worker-16] INFO  o.e.m.c.i.embedder.EclipseLogger - skip non existing resourceDirectory D:\workspace_java_basic\sample\src\test\resources
2018-05-01 02:43:10,149 [Worker-15] INFO  o.e.m.c.i.embedder.EclipseLogger - Using 'UTF-8' encoding to copy filtered resources.
2018-05-01 02:43:10,149 [Worker-15] INFO  o.e.m.c.i.embedder.EclipseLogger - skip non existing resourceDirectory D:\workspace_java_basic\sample\src\main\resources
2018-05-01 02:43:10,150 [Worker-15] INFO  o.e.m.c.i.embedder.EclipseLogger - Using 'UTF-8' encoding to copy filtered resources.
2018-05-01 02:43:10,151 [Worker-15] INFO  o.e.m.c.i.embedder.EclipseLogger - skip non existing resourceDirectory D:\workspace_java_basic\sample\src\test\resources
2018-05-01 02:44:27,638 [ModalContext] INFO  o.e.m.c.i.e.AbstractTransferListenerAdapter - Downloading https://repo.maven.apache.org/maven2/org/apache/maven/archetypes/maven-archetype-archetype/1.0/maven-archetype-archetype-1.0.jar
2018-05-01 02:44:27,834 [ModalContext] INFO  o.e.m.c.i.e.AbstractTransferListenerAdapter - Downloaded https://repo.maven.apache.org/maven2/org/apache/maven/archetypes/maven-archetype-archetype/1.0/maven-archetype-archetype-1.0.jar
2018-05-01 02:44:28,029 [ModalContext] INFO  o.e.m.c.i.e.AbstractTransferListenerAdapter - Downloading https://repo.maven.apache.org/maven2/org/apache/maven/archetypes/maven-archetype-archetype/1.0/maven-archetype-archetype-1.0.pom
2018-05-01 02:44:28,243 [ModalContext] INFO  o.e.m.c.i.e.AbstractTransferListenerAdapter - Downloaded https://repo.maven.apache.org/maven2/org/apache/maven/archetypes/maven-archetype-archetype/1.0/maven-archetype-archetype-1.0.pom
2018-05-01 02:44:48,835 [Worker-3] INFO  o.e.m.c.i.p.ProjectConfigurationManager - Collecting project info '/pom.xml' D:\workspace_java_basic\ClassLoader\pom.xml
2018-05-01 02:44:49,420 [Worker-3] INFO  o.e.m.c.i.l.LifecycleMappingFactory - Using org.eclipse.m2e.jdt.JarLifecycleMapping lifecycle mapping for MavenProject: javabasic:ClassLoader:0.0.1-SNAPSHOT @ D:\workspace_java_basic\ClassLoader\pom.xml.
2018-05-01 02:44:49,812 [Worker-3] INFO  o.e.m.j.i.AbstractJavaProjectConfigurator - Adding source folder /ClassLoader/src/main/java
2018-05-01 02:44:49,812 [Worker-3] INFO  o.e.m.j.i.AbstractJavaProjectConfigurator - Adding resource folder /ClassLoader/src/main/resources
2018-05-01 02:44:49,813 [Worker-3] INFO  o.e.m.j.i.AbstractJavaProjectConfigurator - Adding source folder /ClassLoader/src/test/java
2018-05-01 02:44:49,882 [Worker-3] INFO  o.e.m.c.i.p.ProjectConfigurationManager - Imported and configured 1 project(s) in 1 sec
2018-05-01 02:44:50,193 [Worker-16] WARN  o.e.m.c.i.embedder.EclipseLogger - Using platform encoding (MS949 actually) to copy filtered resources, i.e. build is platform dependent!
2018-05-01 02:44:50,203 [Worker-16] INFO  o.e.m.c.i.embedder.EclipseLogger - Copying 4 resources
2018-05-01 02:44:50,221 [Worker-16] WARN  o.e.m.c.i.embedder.EclipseLogger - Using platform encoding (MS949 actually) to copy filtered resources, i.e. build is platform dependent!
2018-05-01 02:44:50,222 [Worker-16] INFO  o.e.m.c.i.embedder.EclipseLogger - skip non existing resourceDirectory D:\workspace_java_basic\ClassLoader\src\test\resources
2018-05-01 02:45:24,362 [Worker-16] INFO  o.e.m.c.i.p.ProjectConfigurationManager - Collecting project info '/pom.xml' D:\workspace_java_basic\ClassLoader\pom.xml
2018-05-01 02:45:24,806 [Worker-16] INFO  o.e.m.c.i.l.LifecycleMappingFactory - Using org.eclipse.m2e.jdt.JarLifecycleMapping lifecycle mapping for MavenProject: javabasic:ClassLoader:0.0.1-SNAPSHOT @ D:\workspace_java_basic\ClassLoader\pom.xml.
2018-05-01 02:45:25,141 [Worker-16] INFO  o.e.m.j.i.AbstractJavaProjectConfigurator - Adding source folder /ClassLoader/src/main/java
2018-05-01 02:45:25,145 [Worker-16] INFO  o.e.m.j.i.AbstractJavaProjectConfigurator - Adding source folder /ClassLoader/src/test/java
2018-05-01 02:45:25,205 [Worker-16] INFO  o.e.m.c.i.p.ProjectConfigurationManager - Imported and configured 1 project(s) in 0 sec
2018-05-01 02:45:25,426 [Worker-18] INFO  o.e.m.c.i.embedder.EclipseLogger - Using 'UTF-8' encoding to copy filtered resources.
2018-05-01 02:45:25,427 [Worker-18] INFO  o.e.m.c.i.embedder.EclipseLogger - skip non existing resourceDirectory D:\workspace_java_basic\ClassLoader\src\main\resources
2018-05-01 02:45:25,428 [Worker-18] INFO  o.e.m.c.i.embedder.EclipseLogger - Using 'UTF-8' encoding to copy filtered resources.
2018-05-01 02:45:25,428 [Worker-18] INFO  o.e.m.c.i.embedder.EclipseLogger - skip non existing resourceDirectory D:\workspace_java_basic\ClassLoader\src\test\resources
2018-05-01 02:45:37,115 [Worker-3] INFO  o.e.m.c.i.embedder.EclipseLogger - Using 'UTF-8' encoding to copy filtered resources.
2018-05-01 02:45:37,115 [Worker-3] INFO  o.e.m.c.i.embedder.EclipseLogger - skip non existing resourceDirectory D:\workspace_java_basic\ClassLoader\src\main\resources
2018-05-01 02:45:37,116 [Worker-3] INFO  o.e.m.c.i.embedder.EclipseLogger - Using 'UTF-8' encoding to copy filtered resources.
2018-05-01 02:45:37,116 [Worker-3] INFO  o.e.m.c.i.embedder.EclipseLogger - skip non existing resourceDirectory D:\workspace_java_basic\ClassLoader\src\test\resources
2018-05-03 17:55:55,756 [Worker-247] INFO  o.e.m.c.i.embedder.EclipseLogger - Using 'UTF-8' encoding to copy filtered resources.
2018-05-03 17:55:55,759 [Worker-247] INFO  o.e.m.c.i.embedder.EclipseLogger - skip non existing resourceDirectory D:\workspace_java_basic\ClassLoader\src\main\resources
2018-05-03 17:55:55,761 [Worker-247] INFO  o.e.m.c.i.embedder.EclipseLogger - Using 'UTF-8' encoding to copy filtered resources.
2018-05-03 17:55:55,761 [Worker-247] INFO  o.e.m.c.i.embedder.EclipseLogger - skip non existing resourceDirectory D:\workspace_java_basic\ClassLoader\src\test\resources
2018-05-03 17:56:29,761 [Worker-248] INFO  o.e.m.c.i.embedder.EclipseLogger - Using 'UTF-8' encoding to copy filtered resources.
2018-05-03 17:56:29,761 [Worker-248] INFO  o.e.m.c.i.embedder.EclipseLogger - skip non existing resourceDirectory D:\workspace_java_basic\ClassLoader\src\main\resources
2018-05-03 17:56:29,762 [Worker-248] INFO  o.e.m.c.i.embedder.EclipseLogger - Using 'UTF-8' encoding to copy filtered resources.
2018-05-03 17:56:29,763 [Worker-248] INFO  o.e.m.c.i.embedder.EclipseLogger - skip non existing resourceDirectory D:\workspace_java_basic\ClassLoader\src\test\resources
2018-05-03 18:05:37,265 [Worker-250] INFO  o.e.m.c.i.embedder.EclipseLogger - Using 'UTF-8' encoding to copy filtered resources.
2018-05-03 18:05:37,266 [Worker-250] INFO  o.e.m.c.i.embedder.EclipseLogger - skip non existing resourceDirectory D:\workspace_java_basic\ClassLoader\src\main\resources
2018-05-03 18:05:37,267 [Worker-250] INFO  o.e.m.c.i.embedder.EclipseLogger - Using 'UTF-8' encoding to copy filtered resources.
2018-05-03 18:05:37,268 [Worker-250] INFO  o.e.m.c.i.embedder.EclipseLogger - skip non existing resourceDirectory D:\workspace_java_basic\ClassLoader\src\test\resources
2018-05-03 18:05:44,346 [Worker-251] INFO  o.e.m.c.i.embedder.EclipseLogger - Using 'UTF-8' encoding to copy filtered resources.
2018-05-03 18:05:44,346 [Worker-251] INFO  o.e.m.c.i.embedder.EclipseLogger - skip non existing resourceDirectory D:\workspace_java_basic\ClassLoader\src\main\resources
2018-05-03 18:05:44,347 [Worker-251] INFO  o.e.m.c.i.embedder.EclipseLogger - Using 'UTF-8' encoding to copy filtered resources.
2018-05-03 18:05:44,347 [Worker-251] INFO  o.e.m.c.i.embedder.EclipseLogger - skip non existing resourceDirectory D:\workspace_java_basic\ClassLoader\src\test\resources
2018-05-03 18:05:49,294 [Worker-252] INFO  o.e.m.c.i.embedder.EclipseLogger - Using 'UTF-8' encoding to copy filtered resources.
2018-05-03 18:05:49,294 [Worker-252] INFO  o.e.m.c.i.embedder.EclipseLogger - skip non existing resourceDirectory D:\workspace_java_basic\ClassLoader\src\main\resources
2018-05-03 18:05:49,296 [Worker-252] INFO  o.e.m.c.i.embedder.EclipseLogger - Using 'UTF-8' encoding to copy filtered resources.
2018-05-03 18:05:49,296 [Worker-252] INFO  o.e.m.c.i.embedder.EclipseLogger - skip non existing resourceDirectory D:\workspace_java_basic\ClassLoader\src\test\resources
2018-05-03 18:05:59,247 [Worker-252] INFO  o.e.m.c.i.embedder.EclipseLogger - Using 'UTF-8' encoding to copy filtered resources.
2018-05-03 18:05:59,247 [Worker-252] INFO  o.e.m.c.i.embedder.EclipseLogger - skip non existing resourceDirectory D:\workspace_java_basic\ClassLoader\src\main\resources
2018-05-03 18:05:59,248 [Worker-252] INFO  o.e.m.c.i.embedder.EclipseLogger - Using 'UTF-8' encoding to copy filtered resources.
2018-05-03 18:05:59,248 [Worker-252] INFO  o.e.m.c.i.embedder.EclipseLogger - skip non existing resourceDirectory D:\workspace_java_basic\ClassLoader\src\test\resources
2018-05-06 16:53:57,347 [Worker-361] INFO  o.e.m.c.i.embedder.EclipseLogger - Using 'UTF-8' encoding to copy filtered resources.
2018-05-06 16:53:57,347 [Worker-361] INFO  o.e.m.c.i.embedder.EclipseLogger - skip non existing resourceDirectory D:\workspace_java_basic\ClassLoader\src\main\resources
2018-05-06 16:53:57,350 [Worker-361] INFO  o.e.m.c.i.embedder.EclipseLogger - Using 'UTF-8' encoding to copy filtered resources.
2018-05-06 16:53:57,350 [Worker-361] INFO  o.e.m.c.i.embedder.EclipseLogger - skip non existing resourceDirectory D:\workspace_java_basic\ClassLoader\src\test\resources
2018-05-06 16:54:49,621 [Worker-359] INFO  o.e.m.c.i.embedder.EclipseLogger - Using 'UTF-8' encoding to copy filtered resources.
2018-05-06 16:54:49,621 [Worker-359] INFO  o.e.m.c.i.embedder.EclipseLogger - skip non existing resourceDirectory D:\workspace_java_basic\ClassLoader\src\main\resources
2018-05-06 16:54:49,622 [Worker-359] INFO  o.e.m.c.i.embedder.EclipseLogger - Using 'UTF-8' encoding to copy filtered resources.
2018-05-06 16:54:49,622 [Worker-359] INFO  o.e.m.c.i.embedder.EclipseLogger - skip non existing resourceDirectory D:\workspace_java_basic\ClassLoader\src\test\resources
2018-05-06 16:55:59,219 [Worker-358] INFO  o.e.m.c.i.embedder.EclipseLogger - Using 'UTF-8' encoding to copy filtered resources.
2018-05-06 16:55:59,220 [Worker-358] INFO  o.e.m.c.i.embedder.EclipseLogger - skip non existing resourceDirectory D:\workspace_java_basic\ClassLoader\src\main\resources
2018-05-06 16:55:59,221 [Worker-358] INFO  o.e.m.c.i.embedder.EclipseLogger - Using 'UTF-8' encoding to copy filtered resources.
2018-05-06 16:55:59,221 [Worker-358] INFO  o.e.m.c.i.embedder.EclipseLogger - skip non existing resourceDirectory D:\workspace_java_basic\ClassLoader\src\test\resources
2018-05-06 16:59:30,683 [Worker-354] INFO  o.e.m.c.i.embedder.EclipseLogger - Using 'UTF-8' encoding to copy filtered resources.
2018-05-06 16:59:30,683 [Worker-354] INFO  o.e.m.c.i.embedder.EclipseLogger - skip non existing resourceDirectory D:\workspace_java_basic\ClassLoader\src\main\resources
2018-05-06 16:59:30,686 [Worker-354] INFO  o.e.m.c.i.embedder.EclipseLogger - Using 'UTF-8' encoding to copy filtered resources.
2018-05-06 16:59:30,686 [Worker-354] INFO  o.e.m.c.i.embedder.EclipseLogger - skip non existing resourceDirectory D:\workspace_java_basic\ClassLoader\src\test\resources
2018-05-06 16:59:44,913 [Worker-358] INFO  o.e.m.c.i.embedder.EclipseLogger - Using 'UTF-8' encoding to copy filtered resources.
2018-05-06 16:59:44,914 [Worker-358] INFO  o.e.m.c.i.embedder.EclipseLogger - skip non existing resourceDirectory D:\workspace_java_basic\ClassLoader\src\main\resources
2018-05-06 16:59:44,914 [Worker-358] INFO  o.e.m.c.i.embedder.EclipseLogger - Using 'UTF-8' encoding to copy filtered resources.
2018-05-06 16:59:44,915 [Worker-358] INFO  o.e.m.c.i.embedder.EclipseLogger - skip non existing resourceDirectory D:\workspace_java_basic\ClassLoader\src\test\resources
2018-05-06 17:01:06,518 [Worker-359] INFO  o.e.m.c.i.embedder.EclipseLogger - Using 'UTF-8' encoding to copy filtered resources.
2018-05-06 17:01:06,519 [Worker-359] INFO  o.e.m.c.i.embedder.EclipseLogger - skip non existing resourceDirectory D:\workspace_java_basic\ClassLoader\src\main\resources
2018-05-06 17:01:06,519 [Worker-359] INFO  o.e.m.c.i.embedder.EclipseLogger - Using 'UTF-8' encoding to copy filtered resources.
2018-05-06 17:01:06,519 [Worker-359] INFO  o.e.m.c.i.embedder.EclipseLogger - skip non existing resourceDirectory D:\workspace_java_basic\ClassLoader\src\test\resources
2018-05-06 17:01:13,054 [Worker-354] INFO  o.e.m.c.i.embedder.EclipseLogger - Using 'UTF-8' encoding to copy filtered resources.
2018-05-06 17:01:13,055 [Worker-354] INFO  o.e.m.c.i.embedder.EclipseLogger - skip non existing resourceDirectory D:\workspace_java_basic\ClassLoader\src\main\resources
2018-05-06 17:01:13,055 [Worker-354] INFO  o.e.m.c.i.embedder.EclipseLogger - Using 'UTF-8' encoding to copy filtered resources.
2018-05-06 17:01:13,056 [Worker-354] INFO  o.e.m.c.i.embedder.EclipseLogger - skip non existing resourceDirectory D:\workspace_java_basic\ClassLoader\src\test\resources
2018-05-06 17:01:26,407 [Worker-363] INFO  o.e.m.c.i.embedder.EclipseLogger - Using 'UTF-8' encoding to copy filtered resources.
2018-05-06 17:01:26,407 [Worker-363] INFO  o.e.m.c.i.embedder.EclipseLogger - skip non existing resourceDirectory D:\workspace_java_basic\ClassLoader\src\main\resources
2018-05-06 17:01:26,408 [Worker-363] INFO  o.e.m.c.i.embedder.EclipseLogger - Using 'UTF-8' encoding to copy filtered resources.
2018-05-06 17:01:26,408 [Worker-363] INFO  o.e.m.c.i.embedder.EclipseLogger - skip non existing resourceDirectory D:\workspace_java_basic\ClassLoader\src\test\resources
2018-05-06 18:57:55,606 [Worker-386] INFO  o.e.m.c.i.embedder.EclipseLogger - Using 'UTF-8' encoding to copy filtered resources.
2018-05-06 18:57:55,606 [Worker-386] INFO  o.e.m.c.i.embedder.EclipseLogger - skip non existing resourceDirectory D:\workspace_java_basic\ClassLoader\src\main\resources
2018-05-06 18:57:55,607 [Worker-386] INFO  o.e.m.c.i.embedder.EclipseLogger - Using 'UTF-8' encoding to copy filtered resources.
2018-05-06 18:57:55,607 [Worker-386] INFO  o.e.m.c.i.embedder.EclipseLogger - skip non existing resourceDirectory D:\workspace_java_basic\ClassLoader\src\test\resources
2018-05-06 18:58:09,768 [Worker-388] INFO  o.e.m.c.i.embedder.EclipseLogger - Using 'UTF-8' encoding to copy filtered resources.
2018-05-06 18:58:09,768 [Worker-388] INFO  o.e.m.c.i.embedder.EclipseLogger - skip non existing resourceDirectory D:\workspace_java_basic\ClassLoader\src\main\resources
2018-05-06 18:58:09,769 [Worker-388] INFO  o.e.m.c.i.embedder.EclipseLogger - Using 'UTF-8' encoding to copy filtered resources.
2018-05-06 18:58:09,770 [Worker-388] INFO  o.e.m.c.i.embedder.EclipseLogger - skip non existing resourceDirectory D:\workspace_java_basic\ClassLoader\src\test\resources
2018-05-06 19:18:48,592 [Worker-397] INFO  o.e.m.c.i.embedder.EclipseLogger - Using 'UTF-8' encoding to copy filtered resources.
2018-05-06 19:18:48,592 [Worker-397] INFO  o.e.m.c.i.embedder.EclipseLogger - skip non existing resourceDirectory D:\workspace_java_basic\ClassLoader\src\main\resources
2018-05-06 19:18:48,593 [Worker-397] INFO  o.e.m.c.i.embedder.EclipseLogger - Using 'UTF-8' encoding to copy filtered resources.
2018-05-06 19:18:48,595 [Worker-397] INFO  o.e.m.c.i.embedder.EclipseLogger - skip non existing resourceDirectory D:\workspace_java_basic\ClassLoader\src\test\resources
2018-05-06 19:24:09,971 [Worker-400] INFO  o.e.m.c.i.embedder.EclipseLogger - Using 'UTF-8' encoding to copy filtered resources.
2018-05-06 19:24:09,971 [Worker-400] INFO  o.e.m.c.i.embedder.EclipseLogger - skip non existing resourceDirectory D:\workspace_java_basic\ClassLoader\src\main\resources
2018-05-06 19:24:09,974 [Worker-400] INFO  o.e.m.c.i.embedder.EclipseLogger - Using 'UTF-8' encoding to copy filtered resources.
2018-05-06 19:24:09,974 [Worker-400] INFO  o.e.m.c.i.embedder.EclipseLogger - skip non existing resourceDirectory D:\workspace_java_basic\ClassLoader\src\test\resources
2018-05-06 19:25:57,306 [Worker-399] INFO  o.e.m.c.i.embedder.EclipseLogger - Using 'UTF-8' encoding to copy filtered resources.
2018-05-06 19:25:57,307 [Worker-399] INFO  o.e.m.c.i.embedder.EclipseLogger - skip non existing resourceDirectory D:\workspace_java_basic\ClassLoader\src\main\resources
2018-05-06 19:25:57,309 [Worker-399] INFO  o.e.m.c.i.embedder.EclipseLogger - Using 'UTF-8' encoding to copy filtered resources.
2018-05-06 19:25:57,310 [Worker-399] INFO  o.e.m.c.i.embedder.EclipseLogger - skip non existing resourceDirectory D:\workspace_java_basic\ClassLoader\src\test\resources
2018-05-06 19:26:42,671 [Worker-398] INFO  o.e.m.c.i.embedder.EclipseLogger - Using 'UTF-8' encoding to copy filtered resources.
2018-05-06 19:26:42,672 [Worker-398] INFO  o.e.m.c.i.embedder.EclipseLogger - skip non existing resourceDirectory D:\workspace_java_basic\ClassLoader\src\main\resources
2018-05-06 19:26:42,673 [Worker-398] INFO  o.e.m.c.i.embedder.EclipseLogger - Using 'UTF-8' encoding to copy filtered resources.
2018-05-06 19:26:42,673 [Worker-398] INFO  o.e.m.c.i.embedder.EclipseLogger - skip non existing resourceDirectory D:\workspace_java_basic\ClassLoader\src\test\resources
2018-05-06 19:26:58,032 [Worker-391] INFO  o.e.m.c.i.embedder.EclipseLogger - Using 'UTF-8' encoding to copy filtered resources.
2018-05-06 19:26:58,033 [Worker-391] INFO  o.e.m.c.i.embedder.EclipseLogger - skip non existing resourceDirectory D:\workspace_java_basic\ClassLoader\src\main\resources
2018-05-06 19:26:58,036 [Worker-391] INFO  o.e.m.c.i.embedder.EclipseLogger - Using 'UTF-8' encoding to copy filtered resources.
2018-05-06 19:26:58,039 [Worker-391] INFO  o.e.m.c.i.embedder.EclipseLogger - skip non existing resourceDirectory D:\workspace_java_basic\ClassLoader\src\test\resources
2018-05-06 19:27:01,810 [Worker-400] INFO  o.e.m.c.i.embedder.EclipseLogger - Using 'UTF-8' encoding to copy filtered resources.
2018-05-06 19:27:01,810 [Worker-400] INFO  o.e.m.c.i.embedder.EclipseLogger - skip non existing resourceDirectory D:\workspace_java_basic\ClassLoader\src\main\resources
2018-05-06 19:27:01,812 [Worker-400] INFO  o.e.m.c.i.embedder.EclipseLogger - Using 'UTF-8' encoding to copy filtered resources.
2018-05-06 19:27:01,812 [Worker-400] INFO  o.e.m.c.i.embedder.EclipseLogger - skip non existing resourceDirectory D:\workspace_java_basic\ClassLoader\src\test\resources
2018-05-06 19:27:18,893 [Worker-391] INFO  o.e.m.c.i.embedder.EclipseLogger - Using 'UTF-8' encoding to copy filtered resources.
2018-05-06 19:27:18,894 [Worker-391] INFO  o.e.m.c.i.embedder.EclipseLogger - skip non existing resourceDirectory D:\workspace_java_basic\ClassLoader\src\main\resources
2018-05-06 19:27:18,894 [Worker-391] INFO  o.e.m.c.i.embedder.EclipseLogger - Using 'UTF-8' encoding to copy filtered resources.
2018-05-06 19:27:18,895 [Worker-391] INFO  o.e.m.c.i.embedder.EclipseLogger - skip non existing resourceDirectory D:\workspace_java_basic\ClassLoader\src\test\resources
2018-05-06 19:31:33,758 [Worker-391] INFO  o.e.m.c.i.embedder.EclipseLogger - Using 'UTF-8' encoding to copy filtered resources.
2018-05-06 19:31:33,758 [Worker-391] INFO  o.e.m.c.i.embedder.EclipseLogger - skip non existing resourceDirectory D:\workspace_java_basic\ClassLoader\src\main\resources
2018-05-06 19:31:33,759 [Worker-391] INFO  o.e.m.c.i.embedder.EclipseLogger - Using 'UTF-8' encoding to copy filtered resources.
2018-05-06 19:31:33,759 [Worker-391] INFO  o.e.m.c.i.embedder.EclipseLogger - skip non existing resourceDirectory D:\workspace_java_basic\ClassLoader\src\test\resources
2018-05-06 19:31:48,787 [Worker-401] INFO  o.e.m.c.i.embedder.EclipseLogger - Using 'UTF-8' encoding to copy filtered resources.
2018-05-06 19:31:48,787 [Worker-401] INFO  o.e.m.c.i.embedder.EclipseLogger - skip non existing resourceDirectory D:\workspace_java_basic\ClassLoader\src\main\resources
2018-05-06 19:31:48,788 [Worker-401] INFO  o.e.m.c.i.embedder.EclipseLogger - Using 'UTF-8' encoding to copy filtered resources.
2018-05-06 19:31:48,788 [Worker-401] INFO  o.e.m.c.i.embedder.EclipseLogger - skip non existing resourceDirectory D:\workspace_java_basic\ClassLoader\src\test\resources
2018-05-06 19:32:31,833 [Worker-401] INFO  o.e.m.c.i.embedder.EclipseLogger - Using 'UTF-8' encoding to copy filtered resources.
2018-05-06 19:32:31,834 [Worker-401] INFO  o.e.m.c.i.embedder.EclipseLogger - skip non existing resourceDirectory D:\workspace_java_basic\ClassLoader\src\main\resources
2018-05-06 19:32:31,835 [Worker-401] INFO  o.e.m.c.i.embedder.EclipseLogger - Using 'UTF-8' encoding to copy filtered resources.
2018-05-06 19:32:31,835 [Worker-401] INFO  o.e.m.c.i.embedder.EclipseLogger - skip non existing resourceDirectory D:\workspace_java_basic\ClassLoader\src\test\resources
2018-05-06 19:34:07,483 [Worker-397] INFO  o.e.m.c.i.embedder.EclipseLogger - Using 'UTF-8' encoding to copy filtered resources.
2018-05-06 19:34:07,483 [Worker-397] INFO  o.e.m.c.i.embedder.EclipseLogger - skip non existing resourceDirectory D:\workspace_java_basic\ClassLoader\src\main\resources
2018-05-06 19:34:07,484 [Worker-397] INFO  o.e.m.c.i.embedder.EclipseLogger - Using 'UTF-8' encoding to copy filtered resources.
2018-05-06 19:34:07,484 [Worker-397] INFO  o.e.m.c.i.embedder.EclipseLogger - skip non existing resourceDirectory D:\workspace_java_basic\ClassLoader\src\test\resources
2018-05-06 19:37:24,267 [Worker-391] INFO  o.e.m.c.i.embedder.EclipseLogger - Using 'UTF-8' encoding to copy filtered resources.
2018-05-06 19:37:24,268 [Worker-391] INFO  o.e.m.c.i.embedder.EclipseLogger - skip non existing resourceDirectory D:\workspace_java_basic\ClassLoader\src\main\resources
2018-05-06 19:37:24,269 [Worker-391] INFO  o.e.m.c.i.embedder.EclipseLogger - Using 'UTF-8' encoding to copy filtered resources.
2018-05-06 19:37:24,269 [Worker-391] INFO  o.e.m.c.i.embedder.EclipseLogger - skip non existing resourceDirectory D:\workspace_java_basic\ClassLoader\src\test\resources
2018-05-06 19:37:32,836 [Worker-403] INFO  o.e.m.c.i.embedder.EclipseLogger - Using 'UTF-8' encoding to copy filtered resources.
2018-05-06 19:37:32,836 [Worker-403] INFO  o.e.m.c.i.embedder.EclipseLogger - skip non existing resourceDirectory D:\workspace_java_basic\ClassLoader\src\main\resources
2018-05-06 19:37:32,837 [Worker-403] INFO  o.e.m.c.i.embedder.EclipseLogger - Using 'UTF-8' encoding to copy filtered resources.
2018-05-06 19:37:32,838 [Worker-403] INFO  o.e.m.c.i.embedder.EclipseLogger - skip non existing resourceDirectory D:\workspace_java_basic\ClassLoader\src\test\resources
2018-05-06 19:37:52,135 [Worker-407] INFO  o.e.m.c.i.embedder.EclipseLogger - Using 'UTF-8' encoding to copy filtered resources.
2018-05-06 19:37:52,135 [Worker-407] INFO  o.e.m.c.i.embedder.EclipseLogger - skip non existing resourceDirectory D:\workspace_java_basic\ClassLoader\src\main\resources
2018-05-06 19:37:52,136 [Worker-407] INFO  o.e.m.c.i.embedder.EclipseLogger - Using 'UTF-8' encoding to copy filtered resources.
2018-05-06 19:37:52,136 [Worker-407] INFO  o.e.m.c.i.embedder.EclipseLogger - skip non existing resourceDirectory D:\workspace_java_basic\ClassLoader\src\test\resources
2018-05-06 19:38:19,393 [Worker-405] INFO  o.e.m.c.i.embedder.EclipseLogger - Using 'UTF-8' encoding to copy filtered resources.
2018-05-06 19:38:19,393 [Worker-405] INFO  o.e.m.c.i.embedder.EclipseLogger - skip non existing resourceDirectory D:\workspace_java_basic\ClassLoader\src\main\resources
2018-05-06 19:38:19,394 [Worker-405] INFO  o.e.m.c.i.embedder.EclipseLogger - Using 'UTF-8' encoding to copy filtered resources.
2018-05-06 19:38:19,394 [Worker-405] INFO  o.e.m.c.i.embedder.EclipseLogger - skip non existing resourceDirectory D:\workspace_java_basic\ClassLoader\src\test\resources
2018-05-06 19:39:33,233 [Worker-405] INFO  o.e.m.c.i.embedder.EclipseLogger - Using 'UTF-8' encoding to copy filtered resources.
2018-05-06 19:39:33,233 [Worker-405] INFO  o.e.m.c.i.embedder.EclipseLogger - skip non existing resourceDirectory D:\workspace_java_basic\ClassLoader\src\main\resources
2018-05-06 19:39:33,233 [Worker-405] INFO  o.e.m.c.i.embedder.EclipseLogger - Using 'UTF-8' encoding to copy filtered resources.
2018-05-06 19:39:33,234 [Worker-405] INFO  o.e.m.c.i.embedder.EclipseLogger - skip non existing resourceDirectory D:\workspace_java_basic\ClassLoader\src\test\resources
2018-05-06 19:51:54,979 [Worker-399] INFO  o.e.m.c.i.embedder.EclipseLogger - Using 'UTF-8' encoding to copy filtered resources.
2018-05-06 19:51:54,980 [Worker-399] INFO  o.e.m.c.i.embedder.EclipseLogger - skip non existing resourceDirectory D:\workspace_java_basic\ClassLoader\src\main\resources
2018-05-06 19:51:54,980 [Worker-399] INFO  o.e.m.c.i.embedder.EclipseLogger - Using 'UTF-8' encoding to copy filtered resources.
2018-05-06 19:51:54,980 [Worker-399] INFO  o.e.m.c.i.embedder.EclipseLogger - skip non existing resourceDirectory D:\workspace_java_basic\ClassLoader\src\test\resources
2018-05-06 19:52:03,579 [Worker-406] INFO  o.e.m.c.i.embedder.EclipseLogger - Using 'UTF-8' encoding to copy filtered resources.
2018-05-06 19:52:03,579 [Worker-406] INFO  o.e.m.c.i.embedder.EclipseLogger - skip non existing resourceDirectory D:\workspace_java_basic\ClassLoader\src\main\resources
2018-05-06 19:52:03,581 [Worker-406] INFO  o.e.m.c.i.embedder.EclipseLogger - Using 'UTF-8' encoding to copy filtered resources.
2018-05-06 19:52:03,581 [Worker-406] INFO  o.e.m.c.i.embedder.EclipseLogger - skip non existing resourceDirectory D:\workspace_java_basic\ClassLoader\src\test\resources
2018-05-06 20:00:48,936 [Worker-413] INFO  o.e.m.c.i.embedder.EclipseLogger - Using 'UTF-8' encoding to copy filtered resources.
2018-05-06 20:00:48,936 [Worker-413] INFO  o.e.m.c.i.embedder.EclipseLogger - skip non existing resourceDirectory D:\workspace_java_basic\ClassLoader\src\main\resources
2018-05-06 20:00:48,938 [Worker-413] INFO  o.e.m.c.i.embedder.EclipseLogger - Using 'UTF-8' encoding to copy filtered resources.
2018-05-06 20:00:48,938 [Worker-413] INFO  o.e.m.c.i.embedder.EclipseLogger - skip non existing resourceDirectory D:\workspace_java_basic\ClassLoader\src\test\resources
2018-05-06 20:01:15,570 [Worker-410] INFO  o.e.m.c.i.embedder.EclipseLogger - Using 'UTF-8' encoding to copy filtered resources.
2018-05-06 20:01:15,570 [Worker-410] INFO  o.e.m.c.i.embedder.EclipseLogger - skip non existing resourceDirectory D:\workspace_java_basic\ClassLoader\src\main\resources
2018-05-06 20:01:15,571 [Worker-410] INFO  o.e.m.c.i.embedder.EclipseLogger - Using 'UTF-8' encoding to copy filtered resources.
2018-05-06 20:01:15,571 [Worker-410] INFO  o.e.m.c.i.embedder.EclipseLogger - skip non existing resourceDirectory D:\workspace_java_basic\ClassLoader\src\test\resources
2018-05-06 20:01:33,552 [Worker-413] INFO  o.e.m.c.i.embedder.EclipseLogger - Using 'UTF-8' encoding to copy filtered resources.
2018-05-06 20:01:33,553 [Worker-413] INFO  o.e.m.c.i.embedder.EclipseLogger - skip non existing resourceDirectory D:\workspace_java_basic\ClassLoader\src\main\resources
2018-05-06 20:01:33,554 [Worker-413] INFO  o.e.m.c.i.embedder.EclipseLogger - Using 'UTF-8' encoding to copy filtered resources.
2018-05-06 20:01:33,554 [Worker-413] INFO  o.e.m.c.i.embedder.EclipseLogger - skip non existing resourceDirectory D:\workspace_java_basic\ClassLoader\src\test\resources
2018-05-06 20:03:34,696 [Worker-2] INFO  c.g.t.t.d.PublishedGradleVersions - Gradle version information cache is up-to-date. Trying to read.
2018-05-06 20:04:08,697 [Worker-3] INFO  o.e.m.c.i.embedder.EclipseLogger - Using 'UTF-8' encoding to copy filtered resources.
2018-05-06 20:04:08,697 [Worker-3] INFO  o.e.m.c.i.embedder.EclipseLogger - skip non existing resourceDirectory D:\workspace_java_basic\ClassLoader\src\main\resources
2018-05-06 20:04:08,699 [Worker-3] INFO  o.e.m.c.i.embedder.EclipseLogger - Using 'UTF-8' encoding to copy filtered resources.
2018-05-06 20:04:08,700 [Worker-3] INFO  o.e.m.c.i.embedder.EclipseLogger - skip non existing resourceDirectory D:\workspace_java_basic\ClassLoader\src\test\resources
2018-05-06 20:09:44,035 [Worker-7] INFO  o.e.m.c.i.embedder.EclipseLogger - Using 'UTF-8' encoding to copy filtered resources.
2018-05-06 20:09:44,036 [Worker-7] INFO  o.e.m.c.i.embedder.EclipseLogger - skip non existing resourceDirectory D:\workspace_java_basic\ClassLoader\src\main\resources
2018-05-06 20:09:44,037 [Worker-7] INFO  o.e.m.c.i.embedder.EclipseLogger - Using 'UTF-8' encoding to copy filtered resources.
2018-05-06 20:09:44,038 [Worker-7] INFO  o.e.m.c.i.embedder.EclipseLogger - skip non existing resourceDirectory D:\workspace_java_basic\ClassLoader\src\test\resources
2018-05-06 20:10:27,187 [Worker-7] INFO  o.e.m.c.i.embedder.EclipseLogger - Using 'UTF-8' encoding to copy filtered resources.
2018-05-06 20:10:27,188 [Worker-7] INFO  o.e.m.c.i.embedder.EclipseLogger - skip non existing resourceDirectory D:\workspace_java_basic\ClassLoader\src\main\resources
2018-05-06 20:10:27,191 [Worker-7] INFO  o.e.m.c.i.embedder.EclipseLogger - Using 'UTF-8' encoding to copy filtered resources.
2018-05-06 20:10:27,191 [Worker-7] INFO  o.e.m.c.i.embedder.EclipseLogger - skip non existing resourceDirectory D:\workspace_java_basic\ClassLoader\src\test\resources
2018-05-06 20:10:46,682 [Worker-9] INFO  o.e.m.c.i.embedder.EclipseLogger - Using 'UTF-8' encoding to copy filtered resources.
2018-05-06 20:10:46,683 [Worker-9] INFO  o.e.m.c.i.embedder.EclipseLogger - skip non existing resourceDirectory D:\workspace_java_basic\ClassLoader\src\main\resources
2018-05-06 20:10:46,684 [Worker-9] INFO  o.e.m.c.i.embedder.EclipseLogger - Using 'UTF-8' encoding to copy filtered resources.
2018-05-06 20:10:46,685 [Worker-9] INFO  o.e.m.c.i.embedder.EclipseLogger - skip non existing resourceDirectory D:\workspace_java_basic\ClassLoader\src\test\resources
2018-05-06 20:10:59,100 [Worker-16] INFO  o.e.m.c.i.embedder.EclipseLogger - Using 'UTF-8' encoding to copy filtered resources.
2018-05-06 20:10:59,100 [Worker-16] INFO  o.e.m.c.i.embedder.EclipseLogger - skip non existing resourceDirectory D:\workspace_java_basic\ClassLoader\src\main\resources
2018-05-06 20:10:59,101 [Worker-16] INFO  o.e.m.c.i.embedder.EclipseLogger - Using 'UTF-8' encoding to copy filtered resources.
2018-05-06 20:10:59,102 [Worker-16] INFO  o.e.m.c.i.embedder.EclipseLogger - skip non existing resourceDirectory D:\workspace_java_basic\ClassLoader\src\test\resources
2018-05-06 20:11:06,790 [Worker-16] INFO  o.e.m.c.i.embedder.EclipseLogger - Using 'UTF-8' encoding to copy filtered resources.
2018-05-06 20:11:06,790 [Worker-16] INFO  o.e.m.c.i.embedder.EclipseLogger - skip non existing resourceDirectory D:\workspace_java_basic\ClassLoader\src\main\resources
2018-05-06 20:11:06,791 [Worker-16] INFO  o.e.m.c.i.embedder.EclipseLogger - Using 'UTF-8' encoding to copy filtered resources.
2018-05-06 20:11:06,791 [Worker-16] INFO  o.e.m.c.i.embedder.EclipseLogger - skip non existing resourceDirectory D:\workspace_java_basic\ClassLoader\src\test\resources
2018-05-06 20:11:23,637 [Worker-7] INFO  o.e.m.c.i.embedder.EclipseLogger - Using 'UTF-8' encoding to copy filtered resources.
2018-05-06 20:11:23,638 [Worker-7] INFO  o.e.m.c.i.embedder.EclipseLogger - skip non existing resourceDirectory D:\workspace_java_basic\ClassLoader\src\main\resources
2018-05-06 20:11:23,639 [Worker-7] INFO  o.e.m.c.i.embedder.EclipseLogger - Using 'UTF-8' encoding to copy filtered resources.
2018-05-06 20:11:23,639 [Worker-7] INFO  o.e.m.c.i.embedder.EclipseLogger - skip non existing resourceDirectory D:\workspace_java_basic\ClassLoader\src\test\resources
2018-05-06 20:11:33,079 [Worker-7] INFO  o.e.m.c.i.embedder.EclipseLogger - Using 'UTF-8' encoding to copy filtered resources.
2018-05-06 20:11:33,079 [Worker-7] INFO  o.e.m.c.i.embedder.EclipseLogger - skip non existing resourceDirectory D:\workspace_java_basic\ClassLoader\src\main\resources
2018-05-06 20:11:33,082 [Worker-7] INFO  o.e.m.c.i.embedder.EclipseLogger - Using 'UTF-8' encoding to copy filtered resources.
2018-05-06 20:11:33,082 [Worker-7] INFO  o.e.m.c.i.embedder.EclipseLogger - skip non existing resourceDirectory D:\workspace_java_basic\ClassLoader\src\test\resources
2018-05-06 20:11:53,739 [Worker-9] INFO  o.e.m.c.i.embedder.EclipseLogger - Using 'UTF-8' encoding to copy filtered resources.
2018-05-06 20:11:53,739 [Worker-9] INFO  o.e.m.c.i.embedder.EclipseLogger - skip non existing resourceDirectory D:\workspace_java_basic\ClassLoader\src\main\resources
2018-05-06 20:11:53,740 [Worker-9] INFO  o.e.m.c.i.embedder.EclipseLogger - Using 'UTF-8' encoding to copy filtered resources.
2018-05-06 20:11:53,740 [Worker-9] INFO  o.e.m.c.i.embedder.EclipseLogger - skip non existing resourceDirectory D:\workspace_java_basic\ClassLoader\src\test\resources
2018-05-06 20:12:02,451 [Worker-15] INFO  o.e.m.c.i.embedder.EclipseLogger - Using 'UTF-8' encoding to copy filtered resources.
2018-05-06 20:12:02,451 [Worker-15] INFO  o.e.m.c.i.embedder.EclipseLogger - skip non existing resourceDirectory D:\workspace_java_basic\ClassLoader\src\main\resources
2018-05-06 20:12:02,452 [Worker-15] INFO  o.e.m.c.i.embedder.EclipseLogger - Using 'UTF-8' encoding to copy filtered resources.
2018-05-06 20:12:02,453 [Worker-15] INFO  o.e.m.c.i.embedder.EclipseLogger - skip non existing resourceDirectory D:\workspace_java_basic\ClassLoader\src\test\resources
2018-05-06 20:12:41,265 [Worker-14] INFO  o.e.m.c.i.embedder.EclipseLogger - Using 'UTF-8' encoding to copy filtered resources.
2018-05-06 20:12:41,265 [Worker-14] INFO  o.e.m.c.i.embedder.EclipseLogger - skip non existing resourceDirectory D:\workspace_java_basic\ClassLoader\src\main\resources
2018-05-06 20:12:41,266 [Worker-14] INFO  o.e.m.c.i.embedder.EclipseLogger - Using 'UTF-8' encoding to copy filtered resources.
2018-05-06 20:12:41,266 [Worker-14] INFO  o.e.m.c.i.embedder.EclipseLogger - skip non existing resourceDirectory D:\workspace_java_basic\ClassLoader\src\test\resources
2018-05-06 20:13:10,993 [Worker-15] INFO  o.e.m.c.i.embedder.EclipseLogger - Using 'UTF-8' encoding to copy filtered resources.
2018-05-06 20:13:10,993 [Worker-15] INFO  o.e.m.c.i.embedder.EclipseLogger - skip non existing resourceDirectory D:\workspace_java_basic\ClassLoader\src\main\resources
2018-05-06 20:13:10,994 [Worker-15] INFO  o.e.m.c.i.embedder.EclipseLogger - Using 'UTF-8' encoding to copy filtered resources.
2018-05-06 20:13:10,995 [Worker-15] INFO  o.e.m.c.i.embedder.EclipseLogger - skip non existing resourceDirectory D:\workspace_java_basic\ClassLoader\src\test\resources
2018-05-06 20:13:20,447 [Worker-9] INFO  o.e.m.c.i.embedder.EclipseLogger - Using 'UTF-8' encoding to copy filtered resources.
2018-05-06 20:13:20,447 [Worker-9] INFO  o.e.m.c.i.embedder.EclipseLogger - skip non existing resourceDirectory D:\workspace_java_basic\ClassLoader\src\main\resources
2018-05-06 20:13:20,448 [Worker-9] INFO  o.e.m.c.i.embedder.EclipseLogger - Using 'UTF-8' encoding to copy filtered resources.
2018-05-06 20:13:20,449 [Worker-9] INFO  o.e.m.c.i.embedder.EclipseLogger - skip non existing resourceDirectory D:\workspace_java_basic\ClassLoader\src\test\resources
2018-05-06 20:13:25,054 [Worker-14] INFO  o.e.m.c.i.embedder.EclipseLogger - Using 'UTF-8' encoding to copy filtered resources.
2018-05-06 20:13:25,054 [Worker-14] INFO  o.e.m.c.i.embedder.EclipseLogger - skip non existing resourceDirectory D:\workspace_java_basic\ClassLoader\src\main\resources
2018-05-06 20:13:25,055 [Worker-14] INFO  o.e.m.c.i.embedder.EclipseLogger - Using 'UTF-8' encoding to copy filtered resources.
2018-05-06 20:13:25,055 [Worker-14] INFO  o.e.m.c.i.embedder.EclipseLogger - skip non existing resourceDirectory D:\workspace_java_basic\ClassLoader\src\test\resources
2018-05-07 17:14:06,484 [Worker-47] INFO  o.e.m.c.i.embedder.EclipseLogger - Using 'UTF-8' encoding to copy filtered resources.
2018-05-07 17:14:06,484 [Worker-47] INFO  o.e.m.c.i.embedder.EclipseLogger - skip non existing resourceDirectory D:\workspace_java_basic\ClassLoader\src\main\resources
2018-05-07 17:14:06,485 [Worker-47] INFO  o.e.m.c.i.embedder.EclipseLogger - Using 'UTF-8' encoding to copy filtered resources.
2018-05-07 17:14:06,485 [Worker-47] INFO  o.e.m.c.i.embedder.EclipseLogger - skip non existing resourceDirectory D:\workspace_java_basic\ClassLoader\src\test\resources
2018-05-09 01:04:22,254 [Worker-1] INFO  c.g.t.t.d.PublishedGradleVersions - Gradle version information cache is out-of-date. Trying to update.
2018-05-09 01:06:09,553 [Worker-0] INFO  o.e.m.c.i.embedder.EclipseLogger - Using 'UTF-8' encoding to copy filtered resources.
2018-05-09 01:06:09,554 [Worker-0] INFO  o.e.m.c.i.embedder.EclipseLogger - skip non existing resourceDirectory D:\workspace_java_basic\ClassLoader\src\main\resources
2018-05-09 01:06:09,556 [Worker-0] INFO  o.e.m.c.i.embedder.EclipseLogger - Using 'UTF-8' encoding to copy filtered resources.
2018-05-09 01:06:09,557 [Worker-0] INFO  o.e.m.c.i.embedder.EclipseLogger - skip non existing resourceDirectory D:\workspace_java_basic\ClassLoader\src\test\resources
2018-05-09 01:07:08,180 [Worker-13] INFO  o.e.m.c.i.embedder.EclipseLogger - Using 'UTF-8' encoding to copy filtered resources.
2018-05-09 01:07:08,181 [Worker-13] INFO  o.e.m.c.i.embedder.EclipseLogger - skip non existing resourceDirectory D:\workspace_java_basic\ClassLoader\src\main\resources
2018-05-09 01:07:08,182 [Worker-13] INFO  o.e.m.c.i.embedder.EclipseLogger - Using 'UTF-8' encoding to copy filtered resources.
2018-05-09 01:07:08,182 [Worker-13] INFO  o.e.m.c.i.embedder.EclipseLogger - skip non existing resourceDirectory D:\workspace_java_basic\ClassLoader\src\test\resources
2018-05-09 01:10:16,256 [Worker-14] INFO  o.e.m.c.i.embedder.EclipseLogger - Using 'UTF-8' encoding to copy filtered resources.
2018-05-09 01:10:16,256 [Worker-14] INFO  o.e.m.c.i.embedder.EclipseLogger - skip non existing resourceDirectory D:\workspace_java_basic\ClassLoader\src\main\resources
2018-05-09 01:10:16,257 [Worker-14] INFO  o.e.m.c.i.embedder.EclipseLogger - Using 'UTF-8' encoding to copy filtered resources.
2018-05-09 01:10:16,257 [Worker-14] INFO  o.e.m.c.i.embedder.EclipseLogger - skip non existing resourceDirectory D:\workspace_java_basic\ClassLoader\src\test\resources
2018-05-09 01:10:20,306 [Worker-14] INFO  o.e.m.c.i.embedder.EclipseLogger - Using 'UTF-8' encoding to copy filtered resources.
2018-05-09 01:10:20,306 [Worker-14] INFO  o.e.m.c.i.embedder.EclipseLogger - skip non existing resourceDirectory D:\workspace_java_basic\ClassLoader\src\main\resources
2018-05-09 01:10:20,307 [Worker-14] INFO  o.e.m.c.i.embedder.EclipseLogger - Using 'UTF-8' encoding to copy filtered resources.
2018-05-09 01:10:20,307 [Worker-14] INFO  o.e.m.c.i.embedder.EclipseLogger - skip non existing resourceDirectory D:\workspace_java_basic\ClassLoader\src\test\resources
2018-05-09 01:11:03,574 [Worker-13] INFO  o.e.m.c.i.embedder.EclipseLogger - Using 'UTF-8' encoding to copy filtered resources.
2018-05-09 01:11:03,574 [Worker-13] INFO  o.e.m.c.i.embedder.EclipseLogger - skip non existing resourceDirectory D:\workspace_java_basic\ClassLoader\src\main\resources
2018-05-09 01:11:03,575 [Worker-13] INFO  o.e.m.c.i.embedder.EclipseLogger - Using 'UTF-8' encoding to copy filtered resources.
2018-05-09 01:11:03,575 [Worker-13] INFO  o.e.m.c.i.embedder.EclipseLogger - skip non existing resourceDirectory D:\workspace_java_basic\ClassLoader\src\test\resources
2018-05-09 10:50:33,484 [Worker-1] INFO  c.g.t.t.d.PublishedGradleVersions - Gradle version information cache is up-to-date. Trying to read.
2018-05-09 13:53:54,510 [Worker-70] INFO  o.e.m.c.i.embedder.EclipseLogger - Using 'UTF-8' encoding to copy filtered resources.
2018-05-09 13:53:54,511 [Worker-70] INFO  o.e.m.c.i.embedder.EclipseLogger - skip non existing resourceDirectory D:\workspace_java_basic\ClassLoader\src\main\resources
2018-05-09 13:53:54,514 [Worker-70] INFO  o.e.m.c.i.embedder.EclipseLogger - Using 'UTF-8' encoding to copy filtered resources.
2018-05-09 13:53:54,515 [Worker-70] INFO  o.e.m.c.i.embedder.EclipseLogger - skip non existing resourceDirectory D:\workspace_java_basic\ClassLoader\src\test\resources
2018-05-09 13:53:58,097 [Worker-74] INFO  o.e.m.c.i.embedder.EclipseLogger - Using 'UTF-8' encoding to copy filtered resources.
2018-05-09 13:53:58,097 [Worker-74] INFO  o.e.m.c.i.embedder.EclipseLogger - skip non existing resourceDirectory D:\workspace_java_basic\ClassLoader\src\main\resources
2018-05-09 13:53:58,098 [Worker-74] INFO  o.e.m.c.i.embedder.EclipseLogger - Using 'UTF-8' encoding to copy filtered resources.
2018-05-09 13:53:58,099 [Worker-74] INFO  o.e.m.c.i.embedder.EclipseLogger - skip non existing resourceDirectory D:\workspace_java_basic\ClassLoader\src\test\resources
2018-05-09 13:54:12,204 [Worker-73] INFO  o.e.m.c.i.embedder.EclipseLogger - Using 'UTF-8' encoding to copy filtered resources.
2018-05-09 13:54:12,205 [Worker-73] INFO  o.e.m.c.i.embedder.EclipseLogger - skip non existing resourceDirectory D:\workspace_java_basic\ClassLoader\src\main\resources
2018-05-09 13:54:12,206 [Worker-73] INFO  o.e.m.c.i.embedder.EclipseLogger - Using 'UTF-8' encoding to copy filtered resources.
2018-05-09 13:54:12,206 [Worker-73] INFO  o.e.m.c.i.embedder.EclipseLogger - skip non existing resourceDirectory D:\workspace_java_basic\ClassLoader\src\test\resources
2018-05-09 15:36:14,757 [Worker-107] INFO  o.e.m.c.i.embedder.EclipseLogger - Using 'UTF-8' encoding to copy filtered resources.
2018-05-09 15:36:14,757 [Worker-107] INFO  o.e.m.c.i.embedder.EclipseLogger - skip non existing resourceDirectory D:\workspace_java_basic\ClassLoader\src\main\resources
2018-05-09 15:36:14,759 [Worker-107] INFO  o.e.m.c.i.embedder.EclipseLogger - Using 'UTF-8' encoding to copy filtered resources.
2018-05-09 15:36:14,759 [Worker-107] INFO  o.e.m.c.i.embedder.EclipseLogger - skip non existing resourceDirectory D:\workspace_java_basic\ClassLoader\src\test\resources
2018-05-09 15:36:18,726 [Worker-106] INFO  o.e.m.c.i.embedder.EclipseLogger - Using 'UTF-8' encoding to copy filtered resources.
2018-05-09 15:36:18,726 [Worker-106] INFO  o.e.m.c.i.embedder.EclipseLogger - skip non existing resourceDirectory D:\workspace_java_basic\ClassLoader\src\main\resources
2018-05-09 15:36:18,727 [Worker-106] INFO  o.e.m.c.i.embedder.EclipseLogger - Using 'UTF-8' encoding to copy filtered resources.
2018-05-09 15:36:18,728 [Worker-106] INFO  o.e.m.c.i.embedder.EclipseLogger - skip non existing resourceDirectory D:\workspace_java_basic\ClassLoader\src\test\resources
2018-05-09 15:37:05,042 [Worker-96] INFO  o.e.m.c.i.embedder.EclipseLogger - Using 'UTF-8' encoding to copy filtered resources.
2018-05-09 15:37:05,042 [Worker-96] INFO  o.e.m.c.i.embedder.EclipseLogger - skip non existing resourceDirectory D:\workspace_java_basic\ClassLoader\src\main\resources
2018-05-09 15:37:05,043 [Worker-96] INFO  o.e.m.c.i.embedder.EclipseLogger - Using 'UTF-8' encoding to copy filtered resources.
2018-05-09 15:37:05,044 [Worker-96] INFO  o.e.m.c.i.embedder.EclipseLogger - skip non existing resourceDirectory D:\workspace_java_basic\ClassLoader\src\test\resources
2018-05-09 15:40:40,344 [Worker-1] INFO  c.g.t.t.d.PublishedGradleVersions - Gradle version information cache is up-to-date. Trying to read.
2018-05-09 15:40:50,188 [Worker-12] INFO  o.e.m.c.i.embedder.EclipseLogger - Using 'UTF-8' encoding to copy filtered resources.
2018-05-09 15:40:50,189 [Worker-12] INFO  o.e.m.c.i.embedder.EclipseLogger - skip non existing resourceDirectory D:\workspace_java_basic\ClassLoader\src\main\resources
2018-05-09 15:40:50,192 [Worker-12] INFO  o.e.m.c.i.embedder.EclipseLogger - Using 'UTF-8' encoding to copy filtered resources.
2018-05-09 15:40:50,192 [Worker-12] INFO  o.e.m.c.i.embedder.EclipseLogger - skip non existing resourceDirectory D:\workspace_java_basic\ClassLoader\src\test\resources
2018-05-09 15:41:23,797 [Worker-14] INFO  o.e.m.c.i.embedder.EclipseLogger - Using 'UTF-8' encoding to copy filtered resources.
2018-05-09 15:41:23,797 [Worker-14] INFO  o.e.m.c.i.embedder.EclipseLogger - skip non existing resourceDirectory D:\workspace_java_basic\ClassLoader\src\main\resources
2018-05-09 15:41:23,799 [Worker-14] INFO  o.e.m.c.i.embedder.EclipseLogger - Using 'UTF-8' encoding to copy filtered resources.
2018-05-09 15:41:23,799 [Worker-14] INFO  o.e.m.c.i.embedder.EclipseLogger - skip non existing resourceDirectory D:\workspace_java_basic\ClassLoader\src\test\resources
2018-05-09 15:58:03,026 [Worker-1] INFO  c.g.t.t.d.PublishedGradleVersions - Gradle version information cache is up-to-date. Trying to read.
2018-05-09 15:58:16,944 [Worker-5] INFO  o.e.m.c.i.embedder.EclipseLogger - Using 'UTF-8' encoding to copy filtered resources.
2018-05-09 15:58:16,945 [Worker-5] INFO  o.e.m.c.i.embedder.EclipseLogger - skip non existing resourceDirectory D:\workspace_java_basic\ClassLoader\src\main\resources
2018-05-09 15:58:16,948 [Worker-5] INFO  o.e.m.c.i.embedder.EclipseLogger - Using 'UTF-8' encoding to copy filtered resources.
2018-05-09 15:58:16,948 [Worker-5] INFO  o.e.m.c.i.embedder.EclipseLogger - skip non existing resourceDirectory D:\workspace_java_basic\ClassLoader\src\test\resources
2018-05-09 16:08:52,641 [Worker-19] INFO  o.e.m.c.i.embedder.EclipseLogger - Using 'UTF-8' encoding to copy filtered resources.
2018-05-09 16:08:52,641 [Worker-19] INFO  o.e.m.c.i.embedder.EclipseLogger - skip non existing resourceDirectory D:\workspace_java_basic\ClassLoader\src\main\resources
2018-05-09 16:08:52,642 [Worker-19] INFO  o.e.m.c.i.embedder.EclipseLogger - Using 'UTF-8' encoding to copy filtered resources.
2018-05-09 16:08:52,642 [Worker-19] INFO  o.e.m.c.i.embedder.EclipseLogger - skip non existing resourceDirectory D:\workspace_java_basic\ClassLoader\src\test\resources
2018-05-09 16:09:32,443 [Worker-12] INFO  o.e.m.c.i.embedder.EclipseLogger - Using 'UTF-8' encoding to copy filtered resources.
2018-05-09 16:09:32,443 [Worker-12] INFO  o.e.m.c.i.embedder.EclipseLogger - skip non existing resourceDirectory D:\workspace_java_basic\ClassLoader\src\main\resources
2018-05-09 16:09:32,444 [Worker-12] INFO  o.e.m.c.i.embedder.EclipseLogger - Using 'UTF-8' encoding to copy filtered resources.
2018-05-09 16:09:32,445 [Worker-12] INFO  o.e.m.c.i.embedder.EclipseLogger - skip non existing resourceDirectory D:\workspace_java_basic\ClassLoader\src\test\resources
2018-05-09 16:10:10,931 [Worker-15] INFO  o.e.m.c.i.embedder.EclipseLogger - Using 'UTF-8' encoding to copy filtered resources.
2018-05-09 16:10:10,932 [Worker-15] INFO  o.e.m.c.i.embedder.EclipseLogger - skip non existing resourceDirectory D:\workspace_java_basic\ClassLoader\src\main\resources
2018-05-09 16:10:10,933 [Worker-15] INFO  o.e.m.c.i.embedder.EclipseLogger - Using 'UTF-8' encoding to copy filtered resources.
2018-05-09 16:10:10,933 [Worker-15] INFO  o.e.m.c.i.embedder.EclipseLogger - skip non existing resourceDirectory D:\workspace_java_basic\ClassLoader\src\test\resources
2018-05-09 16:11:26,895 [Worker-18] INFO  o.e.m.c.i.embedder.EclipseLogger - Using 'UTF-8' encoding to copy filtered resources.
2018-05-09 16:11:26,895 [Worker-18] INFO  o.e.m.c.i.embedder.EclipseLogger - skip non existing resourceDirectory D:\workspace_java_basic\ClassLoader\src\main\resources
2018-05-09 16:11:26,896 [Worker-18] INFO  o.e.m.c.i.embedder.EclipseLogger - Using 'UTF-8' encoding to copy filtered resources.
2018-05-09 16:11:26,896 [Worker-18] INFO  o.e.m.c.i.embedder.EclipseLogger - skip non existing resourceDirectory D:\workspace_java_basic\ClassLoader\src\test\resources
2018-05-09 16:11:52,218 [Worker-15] INFO  o.e.m.c.i.embedder.EclipseLogger - Using 'UTF-8' encoding to copy filtered resources.
2018-05-09 16:11:52,219 [Worker-15] INFO  o.e.m.c.i.embedder.EclipseLogger - skip non existing resourceDirectory D:\workspace_java_basic\ClassLoader\src\main\resources
2018-05-09 16:11:52,220 [Worker-15] INFO  o.e.m.c.i.embedder.EclipseLogger - Using 'UTF-8' encoding to copy filtered resources.
2018-05-09 16:11:52,220 [Worker-15] INFO  o.e.m.c.i.embedder.EclipseLogger - skip non existing resourceDirectory D:\workspace_java_basic\ClassLoader\src\test\resources
2018-05-09 16:13:00,385 [Worker-20] INFO  o.e.m.c.i.embedder.EclipseLogger - Using 'UTF-8' encoding to copy filtered resources.
2018-05-09 16:13:00,385 [Worker-20] INFO  o.e.m.c.i.embedder.EclipseLogger - skip non existing resourceDirectory D:\workspace_java_basic\ClassLoader\src\main\resources
2018-05-09 16:13:00,386 [Worker-20] INFO  o.e.m.c.i.embedder.EclipseLogger - Using 'UTF-8' encoding to copy filtered resources.
2018-05-09 16:13:00,386 [Worker-20] INFO  o.e.m.c.i.embedder.EclipseLogger - skip non existing resourceDirectory D:\workspace_java_basic\ClassLoader\src\test\resources
2018-05-09 16:13:36,596 [Worker-3] INFO  c.g.t.t.d.PublishedGradleVersions - Gradle version information cache is up-to-date. Trying to read.
2018-05-09 16:27:21,901 [Worker-18] INFO  o.e.m.c.i.embedder.EclipseLogger - Using 'UTF-8' encoding to copy filtered resources.
2018-05-09 16:27:21,901 [Worker-18] INFO  o.e.m.c.i.embedder.EclipseLogger - skip non existing resourceDirectory D:\workspace_java_basic\ClassLoader\src\main\resources
2018-05-09 16:27:21,903 [Worker-18] INFO  o.e.m.c.i.embedder.EclipseLogger - Using 'UTF-8' encoding to copy filtered resources.
2018-05-09 16:27:21,903 [Worker-18] INFO  o.e.m.c.i.embedder.EclipseLogger - skip non existing resourceDirectory D:\workspace_java_basic\ClassLoader\src\test\resources
2018-05-09 16:27:49,715 [Worker-21] INFO  o.e.m.c.i.embedder.EclipseLogger - Using 'UTF-8' encoding to copy filtered resources.
2018-05-09 16:27:49,715 [Worker-21] INFO  o.e.m.c.i.embedder.EclipseLogger - skip non existing resourceDirectory D:\workspace_java_basic\ClassLoader\src\main\resources
2018-05-09 16:27:49,717 [Worker-21] INFO  o.e.m.c.i.embedder.EclipseLogger - Using 'UTF-8' encoding to copy filtered resources.
2018-05-09 16:27:49,717 [Worker-21] INFO  o.e.m.c.i.embedder.EclipseLogger - skip non existing resourceDirectory D:\workspace_java_basic\ClassLoader\src\test\resources
2018-05-09 16:27:55,764 [Worker-22] INFO  o.e.m.c.i.embedder.EclipseLogger - Using 'UTF-8' encoding to copy filtered resources.
2018-05-09 16:27:55,765 [Worker-22] INFO  o.e.m.c.i.embedder.EclipseLogger - skip non existing resourceDirectory D:\workspace_java_basic\ClassLoader\src\main\resources
2018-05-09 16:27:55,766 [Worker-22] INFO  o.e.m.c.i.embedder.EclipseLogger - Using 'UTF-8' encoding to copy filtered resources.
2018-05-09 16:27:55,766 [Worker-22] INFO  o.e.m.c.i.embedder.EclipseLogger - skip non existing resourceDirectory D:\workspace_java_basic\ClassLoader\src\test\resources
2018-05-09 16:37:13,074 [Worker-27] INFO  o.e.m.c.i.embedder.EclipseLogger - Using 'UTF-8' encoding to copy filtered resources.
2018-05-09 16:37:13,075 [Worker-27] INFO  o.e.m.c.i.embedder.EclipseLogger - skip non existing resourceDirectory D:\workspace_java_basic\ClassLoader\src\main\resources
2018-05-09 16:37:13,076 [Worker-27] INFO  o.e.m.c.i.embedder.EclipseLogger - Using 'UTF-8' encoding to copy filtered resources.
2018-05-09 16:37:13,076 [Worker-27] INFO  o.e.m.c.i.embedder.EclipseLogger - skip non existing resourceDirectory D:\workspace_java_basic\ClassLoader\src\test\resources
2018-05-14 11:18:48,441 [Worker-1] INFO  c.g.t.t.d.PublishedGradleVersions - Gradle version information cache is out-of-date. Trying to update.
2018-05-14 11:28:04,976 [Worker-15] INFO  o.e.m.c.i.embedder.EclipseLogger - Using 'UTF-8' encoding to copy filtered resources.
2018-05-14 11:28:04,977 [Worker-15] INFO  o.e.m.c.i.embedder.EclipseLogger - skip non existing resourceDirectory D:\workspace_java_basic\ClassLoader\src\main\resources
2018-05-14 11:28:04,981 [Worker-15] INFO  o.e.m.c.i.embedder.EclipseLogger - Using 'UTF-8' encoding to copy filtered resources.
2018-05-14 11:28:04,982 [Worker-15] INFO  o.e.m.c.i.embedder.EclipseLogger - skip non existing resourceDirectory D:\workspace_java_basic\ClassLoader\src\test\resources
2018-05-14 11:28:58,058 [Worker-16] INFO  o.e.m.c.i.embedder.EclipseLogger - Using 'UTF-8' encoding to copy filtered resources.
2018-05-14 11:28:58,059 [Worker-16] INFO  o.e.m.c.i.embedder.EclipseLogger - skip non existing resourceDirectory D:\workspace_java_basic\ClassLoader\src\main\resources
2018-05-14 11:28:58,060 [Worker-16] INFO  o.e.m.c.i.embedder.EclipseLogger - Using 'UTF-8' encoding to copy filtered resources.
2018-05-14 11:28:58,060 [Worker-16] INFO  o.e.m.c.i.embedder.EclipseLogger - skip non existing resourceDirectory D:\workspace_java_basic\ClassLoader\src\test\resources
2018-05-14 11:29:14,905 [Worker-17] INFO  o.e.m.c.i.embedder.EclipseLogger - Using 'UTF-8' encoding to copy filtered resources.
2018-05-14 11:29:14,906 [Worker-17] INFO  o.e.m.c.i.embedder.EclipseLogger - skip non existing resourceDirectory D:\workspace_java_basic\ClassLoader\src\main\resources
2018-05-14 11:29:14,907 [Worker-17] INFO  o.e.m.c.i.embedder.EclipseLogger - Using 'UTF-8' encoding to copy filtered resources.
2018-05-14 11:29:14,907 [Worker-17] INFO  o.e.m.c.i.embedder.EclipseLogger - skip non existing resourceDirectory D:\workspace_java_basic\ClassLoader\src\test\resources
2018-05-14 11:30:53,647 [Worker-8] INFO  o.e.m.c.i.embedder.EclipseLogger - Using 'UTF-8' encoding to copy filtered resources.
2018-05-14 11:30:53,647 [Worker-8] INFO  o.e.m.c.i.embedder.EclipseLogger - skip non existing resourceDirectory D:\workspace_java_basic\ClassLoader\src\main\resources
2018-05-14 11:30:53,650 [Worker-8] INFO  o.e.m.c.i.embedder.EclipseLogger - Using 'UTF-8' encoding to copy filtered resources.
2018-05-14 11:30:53,651 [Worker-8] INFO  o.e.m.c.i.embedder.EclipseLogger - skip non existing resourceDirectory D:\workspace_java_basic\ClassLoader\src\test\resources
2018-05-14 11:31:13,842 [Worker-15] INFO  o.e.m.c.i.embedder.EclipseLogger - Using 'UTF-8' encoding to copy filtered resources.
2018-05-14 11:31:13,842 [Worker-15] INFO  o.e.m.c.i.embedder.EclipseLogger - skip non existing resourceDirectory D:\workspace_java_basic\ClassLoader\src\main\resources
2018-05-14 11:31:13,843 [Worker-15] INFO  o.e.m.c.i.embedder.EclipseLogger - Using 'UTF-8' encoding to copy filtered resources.
2018-05-14 11:31:13,843 [Worker-15] INFO  o.e.m.c.i.embedder.EclipseLogger - skip non existing resourceDirectory D:\workspace_java_basic\ClassLoader\src\test\resources
2018-05-14 11:31:30,378 [Worker-15] INFO  o.e.m.c.i.embedder.EclipseLogger - Using 'UTF-8' encoding to copy filtered resources.
2018-05-14 11:31:30,378 [Worker-15] INFO  o.e.m.c.i.embedder.EclipseLogger - skip non existing resourceDirectory D:\workspace_java_basic\ClassLoader\src\main\resources
2018-05-14 11:31:30,379 [Worker-15] INFO  o.e.m.c.i.embedder.EclipseLogger - Using 'UTF-8' encoding to copy filtered resources.
2018-05-14 11:31:30,379 [Worker-15] INFO  o.e.m.c.i.embedder.EclipseLogger - skip non existing resourceDirectory D:\workspace_java_basic\ClassLoader\src\test\resources
2018-05-14 11:31:47,552 [Worker-15] INFO  o.e.m.c.i.embedder.EclipseLogger - Using 'UTF-8' encoding to copy filtered resources.
2018-05-14 11:31:47,552 [Worker-15] INFO  o.e.m.c.i.embedder.EclipseLogger - skip non existing resourceDirectory D:\workspace_java_basic\ClassLoader\src\main\resources
2018-05-14 11:31:47,553 [Worker-15] INFO  o.e.m.c.i.embedder.EclipseLogger - Using 'UTF-8' encoding to copy filtered resources.
2018-05-14 11:31:47,553 [Worker-15] INFO  o.e.m.c.i.embedder.EclipseLogger - skip non existing resourceDirectory D:\workspace_java_basic\ClassLoader\src\test\resources
2018-05-14 11:32:08,138 [Worker-15] INFO  o.e.m.c.i.embedder.EclipseLogger - Using 'UTF-8' encoding to copy filtered resources.
2018-05-14 11:32:08,139 [Worker-15] INFO  o.e.m.c.i.embedder.EclipseLogger - skip non existing resourceDirectory D:\workspace_java_basic\ClassLoader\src\main\resources
2018-05-14 11:32:08,142 [Worker-15] INFO  o.e.m.c.i.embedder.EclipseLogger - Using 'UTF-8' encoding to copy filtered resources.
2018-05-14 11:32:08,142 [Worker-15] INFO  o.e.m.c.i.embedder.EclipseLogger - skip non existing resourceDirectory D:\workspace_java_basic\ClassLoader\src\test\resources
2018-05-14 11:32:18,055 [Worker-15] INFO  o.e.m.c.i.embedder.EclipseLogger - Using 'UTF-8' encoding to copy filtered resources.
2018-05-14 11:32:18,056 [Worker-15] INFO  o.e.m.c.i.embedder.EclipseLogger - skip non existing resourceDirectory D:\workspace_java_basic\ClassLoader\src\main\resources
2018-05-14 11:32:18,057 [Worker-15] INFO  o.e.m.c.i.embedder.EclipseLogger - Using 'UTF-8' encoding to copy filtered resources.
2018-05-14 11:32:18,057 [Worker-15] INFO  o.e.m.c.i.embedder.EclipseLogger - skip non existing resourceDirectory D:\workspace_java_basic\ClassLoader\src\test\resources
2018-05-14 11:32:21,063 [Worker-2] INFO  o.e.m.c.i.embedder.EclipseLogger - Using 'UTF-8' encoding to copy filtered resources.
2018-05-14 11:32:21,064 [Worker-2] INFO  o.e.m.c.i.embedder.EclipseLogger - skip non existing resourceDirectory D:\workspace_java_basic\ClassLoader\src\main\resources
2018-05-14 11:32:21,065 [Worker-2] INFO  o.e.m.c.i.embedder.EclipseLogger - Using 'UTF-8' encoding to copy filtered resources.
2018-05-14 11:32:21,065 [Worker-2] INFO  o.e.m.c.i.embedder.EclipseLogger - skip non existing resourceDirectory D:\workspace_java_basic\ClassLoader\src\test\resources
2018-05-14 11:33:03,483 [Worker-2] INFO  o.e.m.c.i.embedder.EclipseLogger - Using 'UTF-8' encoding to copy filtered resources.
2018-05-14 11:33:03,483 [Worker-2] INFO  o.e.m.c.i.embedder.EclipseLogger - skip non existing resourceDirectory D:\workspace_java_basic\ClassLoader\src\main\resources
2018-05-14 11:33:03,484 [Worker-2] INFO  o.e.m.c.i.embedder.EclipseLogger - Using 'UTF-8' encoding to copy filtered resources.
2018-05-14 11:33:03,484 [Worker-2] INFO  o.e.m.c.i.embedder.EclipseLogger - skip non existing resourceDirectory D:\workspace_java_basic\ClassLoader\src\test\resources
2018-05-14 11:33:29,510 [Worker-2] INFO  o.e.m.c.i.embedder.EclipseLogger - Using 'UTF-8' encoding to copy filtered resources.
2018-05-14 11:33:29,510 [Worker-2] INFO  o.e.m.c.i.embedder.EclipseLogger - skip non existing resourceDirectory D:\workspace_java_basic\ClassLoader\src\main\resources
2018-05-14 11:33:29,511 [Worker-2] INFO  o.e.m.c.i.embedder.EclipseLogger - Using 'UTF-8' encoding to copy filtered resources.
2018-05-14 11:33:29,511 [Worker-2] INFO  o.e.m.c.i.embedder.EclipseLogger - skip non existing resourceDirectory D:\workspace_java_basic\ClassLoader\src\test\resources
2018-05-14 11:33:58,312 [Worker-16] INFO  o.e.m.c.i.embedder.EclipseLogger - Using 'UTF-8' encoding to copy filtered resources.
2018-05-14 11:33:58,313 [Worker-16] INFO  o.e.m.c.i.embedder.EclipseLogger - skip non existing resourceDirectory D:\workspace_java_basic\ClassLoader\src\main\resources
2018-05-14 11:33:58,314 [Worker-16] INFO  o.e.m.c.i.embedder.EclipseLogger - Using 'UTF-8' encoding to copy filtered resources.
2018-05-14 11:33:58,314 [Worker-16] INFO  o.e.m.c.i.embedder.EclipseLogger - skip non existing resourceDirectory D:\workspace_java_basic\ClassLoader\src\test\resources
2018-05-14 12:53:08,111 [Worker-37] INFO  o.e.m.c.i.embedder.EclipseLogger - Using 'UTF-8' encoding to copy filtered resources.
2018-05-14 12:53:08,111 [Worker-37] INFO  o.e.m.c.i.embedder.EclipseLogger - skip non existing resourceDirectory D:\workspace_java_basic\ClassLoader\src\main\resources
2018-05-14 12:53:08,112 [Worker-37] INFO  o.e.m.c.i.embedder.EclipseLogger - Using 'UTF-8' encoding to copy filtered resources.
2018-05-14 12:53:08,113 [Worker-37] INFO  o.e.m.c.i.embedder.EclipseLogger - skip non existing resourceDirectory D:\workspace_java_basic\ClassLoader\src\test\resources
2018-05-14 13:35:04,822 [Worker-58] INFO  o.e.m.c.i.embedder.EclipseLogger - Using 'UTF-8' encoding to copy filtered resources.
2018-05-14 13:35:04,823 [Worker-58] INFO  o.e.m.c.i.embedder.EclipseLogger - skip non existing resourceDirectory D:\workspace_java_basic\ClassLoader\src\main\resources
2018-05-14 13:35:04,825 [Worker-58] INFO  o.e.m.c.i.embedder.EclipseLogger - Using 'UTF-8' encoding to copy filtered resources.
2018-05-14 13:35:04,826 [Worker-58] INFO  o.e.m.c.i.embedder.EclipseLogger - skip non existing resourceDirectory D:\workspace_java_basic\ClassLoader\src\test\resources
2018-05-14 13:36:30,163 [Worker-57] INFO  o.e.m.c.i.embedder.EclipseLogger - Using 'UTF-8' encoding to copy filtered resources.
2018-05-14 13:36:30,164 [Worker-57] INFO  o.e.m.c.i.embedder.EclipseLogger - skip non existing resourceDirectory D:\workspace_java_basic\ClassLoader\src\main\resources
2018-05-14 13:36:30,165 [Worker-57] INFO  o.e.m.c.i.embedder.EclipseLogger - Using 'UTF-8' encoding to copy filtered resources.
2018-05-14 13:36:30,166 [Worker-57] INFO  o.e.m.c.i.embedder.EclipseLogger - skip non existing resourceDirectory D:\workspace_java_basic\ClassLoader\src\test\resources
2018-05-14 13:51:21,825 [Worker-65] INFO  o.e.m.c.i.embedder.EclipseLogger - Using 'UTF-8' encoding to copy filtered resources.
2018-05-14 13:51:21,827 [Worker-65] INFO  o.e.m.c.i.embedder.EclipseLogger - skip non existing resourceDirectory D:\workspace_java_basic\ClassLoader\src\main\resources
2018-05-14 13:51:21,828 [Worker-65] INFO  o.e.m.c.i.embedder.EclipseLogger - Using 'UTF-8' encoding to copy filtered resources.
2018-05-14 13:51:21,828 [Worker-65] INFO  o.e.m.c.i.embedder.EclipseLogger - skip non existing resourceDirectory D:\workspace_java_basic\ClassLoader\src\test\resources
2018-05-14 13:51:41,908 [Worker-64] INFO  o.e.m.c.i.embedder.EclipseLogger - Using 'UTF-8' encoding to copy filtered resources.
2018-05-14 13:51:41,908 [Worker-64] INFO  o.e.m.c.i.embedder.EclipseLogger - skip non existing resourceDirectory D:\workspace_java_basic\ClassLoader\src\main\resources
2018-05-14 13:51:41,909 [Worker-64] INFO  o.e.m.c.i.embedder.EclipseLogger - Using 'UTF-8' encoding to copy filtered resources.
2018-05-14 13:51:41,909 [Worker-64] INFO  o.e.m.c.i.embedder.EclipseLogger - skip non existing resourceDirectory D:\workspace_java_basic\ClassLoader\src\test\resources
2018-05-14 16:43:42,888 [Worker-105] INFO  o.e.m.c.i.embedder.EclipseLogger - Using 'UTF-8' encoding to copy filtered resources.
2018-05-14 16:43:42,889 [Worker-105] INFO  o.e.m.c.i.embedder.EclipseLogger - skip non existing resourceDirectory D:\workspace_java_basic\ClassLoader\src\main\resources
2018-05-14 16:43:42,891 [Worker-105] INFO  o.e.m.c.i.embedder.EclipseLogger - Using 'UTF-8' encoding to copy filtered resources.
2018-05-14 16:43:42,892 [Worker-105] INFO  o.e.m.c.i.embedder.EclipseLogger - skip non existing resourceDirectory D:\workspace_java_basic\ClassLoader\src\test\resources
2018-05-15 01:04:00,081 [Worker-176] INFO  o.e.m.c.i.embedder.EclipseLogger - Using 'UTF-8' encoding to copy filtered resources.
2018-05-15 01:04:00,082 [Worker-176] INFO  o.e.m.c.i.embedder.EclipseLogger - skip non existing resourceDirectory D:\workspace_java_basic\ClassLoader\src\main\resources
2018-05-15 01:04:00,083 [Worker-176] INFO  o.e.m.c.i.embedder.EclipseLogger - Using 'UTF-8' encoding to copy filtered resources.
2018-05-15 01:04:00,083 [Worker-176] INFO  o.e.m.c.i.embedder.EclipseLogger - skip non existing resourceDirectory D:\workspace_java_basic\ClassLoader\src\test\resources
2018-05-15 01:04:19,276 [Worker-180] INFO  o.e.m.c.i.embedder.EclipseLogger - Using 'UTF-8' encoding to copy filtered resources.
2018-05-15 01:04:19,277 [Worker-180] INFO  o.e.m.c.i.embedder.EclipseLogger - skip non existing resourceDirectory D:\workspace_java_basic\ClassLoader\src\main\resources
2018-05-15 01:04:19,277 [Worker-180] INFO  o.e.m.c.i.embedder.EclipseLogger - Using 'UTF-8' encoding to copy filtered resources.
2018-05-15 01:04:19,277 [Worker-180] INFO  o.e.m.c.i.embedder.EclipseLogger - skip non existing resourceDirectory D:\workspace_java_basic\ClassLoader\src\test\resources
2018-05-15 01:06:01,567 [Worker-180] INFO  o.e.m.c.i.embedder.EclipseLogger - Using 'UTF-8' encoding to copy filtered resources.
2018-05-15 01:06:01,568 [Worker-180] INFO  o.e.m.c.i.embedder.EclipseLogger - skip non existing resourceDirectory D:\workspace_java_basic\ClassLoader\src\main\resources
2018-05-15 01:06:01,569 [Worker-180] INFO  o.e.m.c.i.embedder.EclipseLogger - Using 'UTF-8' encoding to copy filtered resources.
2018-05-15 01:06:01,569 [Worker-180] INFO  o.e.m.c.i.embedder.EclipseLogger - skip non existing resourceDirectory D:\workspace_java_basic\ClassLoader\src\test\resources
2018-05-15 01:06:15,822 [Worker-176] INFO  o.e.m.c.i.embedder.EclipseLogger - Using 'UTF-8' encoding to copy filtered resources.
2018-05-15 01:06:15,822 [Worker-176] INFO  o.e.m.c.i.embedder.EclipseLogger - skip non existing resourceDirectory D:\workspace_java_basic\ClassLoader\src\main\resources
2018-05-15 01:06:15,823 [Worker-176] INFO  o.e.m.c.i.embedder.EclipseLogger - Using 'UTF-8' encoding to copy filtered resources.
2018-05-15 01:06:15,823 [Worker-176] INFO  o.e.m.c.i.embedder.EclipseLogger - skip non existing resourceDirectory D:\workspace_java_basic\ClassLoader\src\test\resources
2018-05-16 23:02:11,161 [main] INFO  o.e.m.c.i.l.LifecycleMappingFactory - Using org.eclipse.m2e.jdt.JarLifecycleMapping lifecycle mapping for MavenProject: javabasic:ClassLoader:0.0.1-SNAPSHOT @ D:\workspace_java_basic\ClassLoader\pom.xml.
2018-05-16 23:06:37,619 [Worker-433] INFO  o.e.m.c.i.p.ProjectConfigurationManager - Collecting project info '/pom.xml' D:\workspace_java_basic\Thread\pom.xml
2018-05-16 23:06:37,733 [Worker-433] INFO  o.e.m.c.i.l.LifecycleMappingFactory - Using org.eclipse.m2e.jdt.JarLifecycleMapping lifecycle mapping for MavenProject: javabasic:Thread:0.0.1-SNAPSHOT @ D:\workspace_java_basic\Thread\pom.xml.
2018-05-16 23:06:37,843 [Worker-433] INFO  o.e.m.j.i.AbstractJavaProjectConfigurator - Adding source folder /Thread/src/main/java
2018-05-16 23:06:37,846 [Worker-433] INFO  o.e.m.j.i.AbstractJavaProjectConfigurator - Adding source folder /Thread/src/test/java
2018-05-16 23:06:37,932 [Worker-433] INFO  o.e.m.c.i.p.ProjectConfigurationManager - Imported and configured 1 project(s) in 0 sec
2018-05-16 23:06:38,284 [Worker-435] INFO  o.e.m.c.i.embedder.EclipseLogger - Using 'UTF-8' encoding to copy filtered resources.
2018-05-16 23:06:38,284 [Worker-435] INFO  o.e.m.c.i.embedder.EclipseLogger - skip non existing resourceDirectory D:\workspace_java_basic\Thread\src\main\resources
2018-05-16 23:06:38,286 [Worker-435] INFO  o.e.m.c.i.embedder.EclipseLogger - Using 'UTF-8' encoding to copy filtered resources.
2018-05-16 23:06:38,286 [Worker-435] INFO  o.e.m.c.i.embedder.EclipseLogger - skip non existing resourceDirectory D:\workspace_java_basic\Thread\src\test\resources
2018-05-16 23:07:25,577 [Worker-435] INFO  o.e.m.c.i.embedder.EclipseLogger - Using 'UTF-8' encoding to copy filtered resources.
2018-05-16 23:07:25,577 [Worker-435] INFO  o.e.m.c.i.embedder.EclipseLogger - skip non existing resourceDirectory D:\workspace_java_basic\Thread\src\main\resources
2018-05-16 23:07:25,578 [Worker-435] INFO  o.e.m.c.i.embedder.EclipseLogger - Using 'UTF-8' encoding to copy filtered resources.
2018-05-16 23:07:25,578 [Worker-435] INFO  o.e.m.c.i.embedder.EclipseLogger - skip non existing resourceDirectory D:\workspace_java_basic\Thread\src\test\resources
2018-05-16 23:08:46,603 [Worker-434] INFO  o.e.m.c.i.embedder.EclipseLogger - Using 'UTF-8' encoding to copy filtered resources.
2018-05-16 23:08:46,604 [Worker-434] INFO  o.e.m.c.i.embedder.EclipseLogger - skip non existing resourceDirectory D:\workspace_java_basic\Thread\src\main\resources
2018-05-16 23:08:46,605 [Worker-434] INFO  o.e.m.c.i.embedder.EclipseLogger - Using 'UTF-8' encoding to copy filtered resources.
2018-05-16 23:08:46,605 [Worker-434] INFO  o.e.m.c.i.embedder.EclipseLogger - skip non existing resourceDirectory D:\workspace_java_basic\Thread\src\test\resources
2018-05-16 23:09:18,105 [Worker-434] INFO  o.e.m.c.i.embedder.EclipseLogger - Using 'UTF-8' encoding to copy filtered resources.
2018-05-16 23:09:18,105 [Worker-434] INFO  o.e.m.c.i.embedder.EclipseLogger - skip non existing resourceDirectory D:\workspace_java_basic\Thread\src\main\resources
2018-05-16 23:09:18,106 [Worker-434] INFO  o.e.m.c.i.embedder.EclipseLogger - Using 'UTF-8' encoding to copy filtered resources.
2018-05-16 23:09:18,107 [Worker-434] INFO  o.e.m.c.i.embedder.EclipseLogger - skip non existing resourceDirectory D:\workspace_java_basic\Thread\src\test\resources
2018-05-16 23:11:50,958 [Worker-440] INFO  o.e.m.c.i.embedder.EclipseLogger - Using 'UTF-8' encoding to copy filtered resources.
2018-05-16 23:11:50,958 [Worker-440] INFO  o.e.m.c.i.embedder.EclipseLogger - skip non existing resourceDirectory D:\workspace_java_basic\Thread\src\main\resources
2018-05-16 23:11:50,959 [Worker-440] INFO  o.e.m.c.i.embedder.EclipseLogger - Using 'UTF-8' encoding to copy filtered resources.
2018-05-16 23:11:50,959 [Worker-440] INFO  o.e.m.c.i.embedder.EclipseLogger - skip non existing resourceDirectory D:\workspace_java_basic\Thread\src\test\resources
2018-05-16 23:12:00,589 [Worker-440] INFO  o.e.m.c.i.embedder.EclipseLogger - Using 'UTF-8' encoding to copy filtered resources.
2018-05-16 23:12:00,589 [Worker-440] INFO  o.e.m.c.i.embedder.EclipseLogger - skip non existing resourceDirectory D:\workspace_java_basic\Thread\src\main\resources
2018-05-16 23:12:00,590 [Worker-440] INFO  o.e.m.c.i.embedder.EclipseLogger - Using 'UTF-8' encoding to copy filtered resources.
2018-05-16 23:12:00,590 [Worker-440] INFO  o.e.m.c.i.embedder.EclipseLogger - skip non existing resourceDirectory D:\workspace_java_basic\Thread\src\test\resources
2018-05-16 23:16:39,410 [Worker-444] INFO  o.e.m.c.i.embedder.EclipseLogger - Using 'UTF-8' encoding to copy filtered resources.
2018-05-16 23:16:39,410 [Worker-444] INFO  o.e.m.c.i.embedder.EclipseLogger - skip non existing resourceDirectory D:\workspace_java_basic\Thread\src\main\resources
2018-05-16 23:16:39,411 [Worker-444] INFO  o.e.m.c.i.embedder.EclipseLogger - Using 'UTF-8' encoding to copy filtered resources.
2018-05-16 23:16:39,411 [Worker-444] INFO  o.e.m.c.i.embedder.EclipseLogger - skip non existing resourceDirectory D:\workspace_java_basic\Thread\src\test\resources
2018-05-16 23:17:05,843 [Worker-444] INFO  o.e.m.c.i.embedder.EclipseLogger - Using 'UTF-8' encoding to copy filtered resources.
2018-05-16 23:17:05,843 [Worker-444] INFO  o.e.m.c.i.embedder.EclipseLogger - skip non existing resourceDirectory D:\workspace_java_basic\Thread\src\main\resources
2018-05-16 23:17:05,847 [Worker-444] INFO  o.e.m.c.i.embedder.EclipseLogger - Using 'UTF-8' encoding to copy filtered resources.
2018-05-16 23:17:05,847 [Worker-444] INFO  o.e.m.c.i.embedder.EclipseLogger - skip non existing resourceDirectory D:\workspace_java_basic\Thread\src\test\resources
2018-05-16 23:17:13,389 [Worker-440] INFO  o.e.m.c.i.embedder.EclipseLogger - Using 'UTF-8' encoding to copy filtered resources.
2018-05-16 23:17:13,389 [Worker-440] INFO  o.e.m.c.i.embedder.EclipseLogger - skip non existing resourceDirectory D:\workspace_java_basic\Thread\src\main\resources
2018-05-16 23:17:13,390 [Worker-440] INFO  o.e.m.c.i.embedder.EclipseLogger - Using 'UTF-8' encoding to copy filtered resources.
2018-05-16 23:17:13,390 [Worker-440] INFO  o.e.m.c.i.embedder.EclipseLogger - skip non existing resourceDirectory D:\workspace_java_basic\Thread\src\test\resources
2018-05-16 23:17:35,847 [Worker-443] INFO  o.e.m.c.i.embedder.EclipseLogger - Using 'UTF-8' encoding to copy filtered resources.
2018-05-16 23:17:35,847 [Worker-443] INFO  o.e.m.c.i.embedder.EclipseLogger - skip non existing resourceDirectory D:\workspace_java_basic\Thread\src\main\resources
2018-05-16 23:17:35,849 [Worker-443] INFO  o.e.m.c.i.embedder.EclipseLogger - Using 'UTF-8' encoding to copy filtered resources.
2018-05-16 23:17:35,849 [Worker-443] INFO  o.e.m.c.i.embedder.EclipseLogger - skip non existing resourceDirectory D:\workspace_java_basic\Thread\src\test\resources
2018-05-16 23:17:54,354 [Worker-446] INFO  o.e.m.c.i.embedder.EclipseLogger - Using 'UTF-8' encoding to copy filtered resources.
2018-05-16 23:17:54,354 [Worker-446] INFO  o.e.m.c.i.embedder.EclipseLogger - skip non existing resourceDirectory D:\workspace_java_basic\Thread\src\main\resources
2018-05-16 23:17:54,355 [Worker-446] INFO  o.e.m.c.i.embedder.EclipseLogger - Using 'UTF-8' encoding to copy filtered resources.
2018-05-16 23:17:54,355 [Worker-446] INFO  o.e.m.c.i.embedder.EclipseLogger - skip non existing resourceDirectory D:\workspace_java_basic\Thread\src\test\resources
2018-05-16 23:18:03,882 [Worker-440] INFO  o.e.m.c.i.embedder.EclipseLogger - Using 'UTF-8' encoding to copy filtered resources.
2018-05-16 23:18:03,882 [Worker-440] INFO  o.e.m.c.i.embedder.EclipseLogger - skip non existing resourceDirectory D:\workspace_java_basic\Thread\src\main\resources
2018-05-16 23:18:03,883 [Worker-440] INFO  o.e.m.c.i.embedder.EclipseLogger - Using 'UTF-8' encoding to copy filtered resources.
2018-05-16 23:18:03,883 [Worker-440] INFO  o.e.m.c.i.embedder.EclipseLogger - skip non existing resourceDirectory D:\workspace_java_basic\Thread\src\test\resources
2018-05-16 23:19:02,060 [Worker-445] INFO  o.e.m.c.i.embedder.EclipseLogger - Using 'UTF-8' encoding to copy filtered resources.
2018-05-16 23:19:02,061 [Worker-445] INFO  o.e.m.c.i.embedder.EclipseLogger - skip non existing resourceDirectory D:\workspace_java_basic\Thread\src\main\resources
2018-05-16 23:19:02,062 [Worker-445] INFO  o.e.m.c.i.embedder.EclipseLogger - Using 'UTF-8' encoding to copy filtered resources.
2018-05-16 23:19:02,062 [Worker-445] INFO  o.e.m.c.i.embedder.EclipseLogger - skip non existing resourceDirectory D:\workspace_java_basic\Thread\src\test\resources
2018-05-16 23:19:40,703 [Worker-443] INFO  o.e.m.c.i.embedder.EclipseLogger - Using 'UTF-8' encoding to copy filtered resources.
2018-05-16 23:19:40,703 [Worker-443] INFO  o.e.m.c.i.embedder.EclipseLogger - skip non existing resourceDirectory D:\workspace_java_basic\Thread\src\main\resources
2018-05-16 23:19:40,704 [Worker-443] INFO  o.e.m.c.i.embedder.EclipseLogger - Using 'UTF-8' encoding to copy filtered resources.
2018-05-16 23:19:40,704 [Worker-443] INFO  o.e.m.c.i.embedder.EclipseLogger - skip non existing resourceDirectory D:\workspace_java_basic\Thread\src\test\resources
2018-05-16 23:20:22,531 [Worker-442] INFO  o.e.m.c.i.embedder.EclipseLogger - Using 'UTF-8' encoding to copy filtered resources.
2018-05-16 23:20:22,532 [Worker-442] INFO  o.e.m.c.i.embedder.EclipseLogger - skip non existing resourceDirectory D:\workspace_java_basic\Thread\src\main\resources
2018-05-16 23:20:22,533 [Worker-442] INFO  o.e.m.c.i.embedder.EclipseLogger - Using 'UTF-8' encoding to copy filtered resources.
2018-05-16 23:20:22,533 [Worker-442] INFO  o.e.m.c.i.embedder.EclipseLogger - skip non existing resourceDirectory D:\workspace_java_basic\Thread\src\test\resources
2018-05-16 23:20:47,709 [Worker-449] INFO  o.e.m.c.i.embedder.EclipseLogger - Using 'UTF-8' encoding to copy filtered resources.
2018-05-16 23:20:47,709 [Worker-449] INFO  o.e.m.c.i.embedder.EclipseLogger - skip non existing resourceDirectory D:\workspace_java_basic\Thread\src\main\resources
2018-05-16 23:20:47,711 [Worker-449] INFO  o.e.m.c.i.embedder.EclipseLogger - Using 'UTF-8' encoding to copy filtered resources.
2018-05-16 23:20:47,711 [Worker-449] INFO  o.e.m.c.i.embedder.EclipseLogger - skip non existing resourceDirectory D:\workspace_java_basic\Thread\src\test\resources
2018-05-16 23:22:17,051 [Worker-440] INFO  o.e.m.c.i.embedder.EclipseLogger - Using 'UTF-8' encoding to copy filtered resources.
2018-05-16 23:22:17,051 [Worker-440] INFO  o.e.m.c.i.embedder.EclipseLogger - skip non existing resourceDirectory D:\workspace_java_basic\ClassLoader\src\main\resources
2018-05-16 23:22:17,052 [Worker-440] INFO  o.e.m.c.i.embedder.EclipseLogger - Using 'UTF-8' encoding to copy filtered resources.
2018-05-16 23:22:17,053 [Worker-440] INFO  o.e.m.c.i.embedder.EclipseLogger - skip non existing resourceDirectory D:\workspace_java_basic\ClassLoader\src\test\resources
2018-05-16 23:22:50,536 [Worker-445] INFO  o.e.m.c.i.embedder.EclipseLogger - Using 'UTF-8' encoding to copy filtered resources.
2018-05-16 23:22:50,536 [Worker-445] INFO  o.e.m.c.i.embedder.EclipseLogger - skip non existing resourceDirectory D:\workspace_java_basic\ClassLoader\src\main\resources
2018-05-16 23:22:50,537 [Worker-445] INFO  o.e.m.c.i.embedder.EclipseLogger - Using 'UTF-8' encoding to copy filtered resources.
2018-05-16 23:22:50,538 [Worker-445] INFO  o.e.m.c.i.embedder.EclipseLogger - skip non existing resourceDirectory D:\workspace_java_basic\ClassLoader\src\test\resources
2018-05-16 23:23:15,548 [Worker-449] INFO  o.e.m.c.i.embedder.EclipseLogger - Using 'UTF-8' encoding to copy filtered resources.
2018-05-16 23:23:15,548 [Worker-449] INFO  o.e.m.c.i.embedder.EclipseLogger - skip non existing resourceDirectory D:\workspace_java_basic\ClassLoader\src\main\resources
2018-05-16 23:23:15,549 [Worker-449] INFO  o.e.m.c.i.embedder.EclipseLogger - Using 'UTF-8' encoding to copy filtered resources.
2018-05-16 23:23:15,550 [Worker-449] INFO  o.e.m.c.i.embedder.EclipseLogger - skip non existing resourceDirectory D:\workspace_java_basic\ClassLoader\src\test\resources
2018-05-16 23:24:06,828 [Worker-445] INFO  o.e.m.c.i.embedder.EclipseLogger - Using 'UTF-8' encoding to copy filtered resources.
2018-05-16 23:24:06,828 [Worker-445] INFO  o.e.m.c.i.embedder.EclipseLogger - skip non existing resourceDirectory D:\workspace_java_basic\Thread\src\main\resources
2018-05-16 23:24:06,829 [Worker-445] INFO  o.e.m.c.i.embedder.EclipseLogger - Using 'UTF-8' encoding to copy filtered resources.
2018-05-16 23:24:06,829 [Worker-445] INFO  o.e.m.c.i.embedder.EclipseLogger - skip non existing resourceDirectory D:\workspace_java_basic\Thread\src\test\resources
2018-05-16 23:24:28,213 [Worker-449] INFO  o.e.m.c.i.embedder.EclipseLogger - Using 'UTF-8' encoding to copy filtered resources.
2018-05-16 23:24:28,213 [Worker-449] INFO  o.e.m.c.i.embedder.EclipseLogger - skip non existing resourceDirectory D:\workspace_java_basic\ClassLoader\src\main\resources
2018-05-16 23:24:28,214 [Worker-449] INFO  o.e.m.c.i.embedder.EclipseLogger - Using 'UTF-8' encoding to copy filtered resources.
2018-05-16 23:24:28,214 [Worker-449] INFO  o.e.m.c.i.embedder.EclipseLogger - skip non existing resourceDirectory D:\workspace_java_basic\ClassLoader\src\test\resources
2018-05-16 23:24:32,644 [Worker-442] INFO  o.e.m.c.i.embedder.EclipseLogger - Using 'UTF-8' encoding to copy filtered resources.
2018-05-16 23:24:32,644 [Worker-442] INFO  o.e.m.c.i.embedder.EclipseLogger - skip non existing resourceDirectory D:\workspace_java_basic\ClassLoader\src\main\resources
2018-05-16 23:24:32,648 [Worker-442] INFO  o.e.m.c.i.embedder.EclipseLogger - Using 'UTF-8' encoding to copy filtered resources.
2018-05-16 23:24:32,648 [Worker-442] INFO  o.e.m.c.i.embedder.EclipseLogger - skip non existing resourceDirectory D:\workspace_java_basic\ClassLoader\src\test\resources
2018-05-16 23:31:10,244 [Worker-440] INFO  o.e.m.c.i.embedder.EclipseLogger - Using 'UTF-8' encoding to copy filtered resources.
2018-05-16 23:31:10,245 [Worker-440] INFO  o.e.m.c.i.embedder.EclipseLogger - skip non existing resourceDirectory D:\workspace_java_basic\Thread\src\main\resources
2018-05-16 23:31:10,246 [Worker-440] INFO  o.e.m.c.i.embedder.EclipseLogger - Using 'UTF-8' encoding to copy filtered resources.
2018-05-16 23:31:10,246 [Worker-440] INFO  o.e.m.c.i.embedder.EclipseLogger - skip non existing resourceDirectory D:\workspace_java_basic\Thread\src\test\resources
2018-05-16 23:36:05,422 [Worker-455] INFO  o.e.m.c.i.embedder.EclipseLogger - Using 'UTF-8' encoding to copy filtered resources.
2018-05-16 23:36:05,422 [Worker-455] INFO  o.e.m.c.i.embedder.EclipseLogger - skip non existing resourceDirectory D:\workspace_java_basic\Thread\src\main\resources
2018-05-16 23:36:05,423 [Worker-455] INFO  o.e.m.c.i.embedder.EclipseLogger - Using 'UTF-8' encoding to copy filtered resources.
2018-05-16 23:36:05,423 [Worker-455] INFO  o.e.m.c.i.embedder.EclipseLogger - skip non existing resourceDirectory D:\workspace_java_basic\Thread\src\test\resources
2018-05-16 23:36:16,305 [Worker-454] INFO  o.e.m.c.i.embedder.EclipseLogger - Using 'UTF-8' encoding to copy filtered resources.
2018-05-16 23:36:16,306 [Worker-454] INFO  o.e.m.c.i.embedder.EclipseLogger - skip non existing resourceDirectory D:\workspace_java_basic\Thread\src\main\resources
2018-05-16 23:36:16,306 [Worker-454] INFO  o.e.m.c.i.embedder.EclipseLogger - Using 'UTF-8' encoding to copy filtered resources.
2018-05-16 23:36:16,306 [Worker-454] INFO  o.e.m.c.i.embedder.EclipseLogger - skip non existing resourceDirectory D:\workspace_java_basic\Thread\src\test\resources
2018-05-16 23:36:43,781 [Worker-449] INFO  o.e.m.c.i.embedder.EclipseLogger - Using 'UTF-8' encoding to copy filtered resources.
2018-05-16 23:36:43,782 [Worker-449] INFO  o.e.m.c.i.embedder.EclipseLogger - skip non existing resourceDirectory D:\workspace_java_basic\Thread\src\main\resources
2018-05-16 23:36:43,783 [Worker-449] INFO  o.e.m.c.i.embedder.EclipseLogger - Using 'UTF-8' encoding to copy filtered resources.
2018-05-16 23:36:43,783 [Worker-449] INFO  o.e.m.c.i.embedder.EclipseLogger - skip non existing resourceDirectory D:\workspace_java_basic\Thread\src\test\resources
2018-05-16 23:37:33,181 [Worker-456] INFO  o.e.m.c.i.embedder.EclipseLogger - Using 'UTF-8' encoding to copy filtered resources.
2018-05-16 23:37:33,181 [Worker-456] INFO  o.e.m.c.i.embedder.EclipseLogger - skip non existing resourceDirectory D:\workspace_java_basic\Thread\src\main\resources
2018-05-16 23:37:33,182 [Worker-456] INFO  o.e.m.c.i.embedder.EclipseLogger - Using 'UTF-8' encoding to copy filtered resources.
2018-05-16 23:37:33,182 [Worker-456] INFO  o.e.m.c.i.embedder.EclipseLogger - skip non existing resourceDirectory D:\workspace_java_basic\Thread\src\test\resources
2018-05-16 23:38:38,848 [Worker-458] INFO  o.e.m.c.i.embedder.EclipseLogger - Using 'UTF-8' encoding to copy filtered resources.
2018-05-16 23:38:38,848 [Worker-458] INFO  o.e.m.c.i.embedder.EclipseLogger - skip non existing resourceDirectory D:\workspace_java_basic\Thread\src\main\resources
2018-05-16 23:38:38,849 [Worker-458] INFO  o.e.m.c.i.embedder.EclipseLogger - Using 'UTF-8' encoding to copy filtered resources.
2018-05-16 23:38:38,849 [Worker-458] INFO  o.e.m.c.i.embedder.EclipseLogger - skip non existing resourceDirectory D:\workspace_java_basic\Thread\src\test\resources
2018-05-16 23:39:24,690 [Worker-458] INFO  o.e.m.c.i.embedder.EclipseLogger - Using 'UTF-8' encoding to copy filtered resources.
2018-05-16 23:39:24,690 [Worker-458] INFO  o.e.m.c.i.embedder.EclipseLogger - skip non existing resourceDirectory D:\workspace_java_basic\Thread\src\main\resources
2018-05-16 23:39:24,691 [Worker-458] INFO  o.e.m.c.i.embedder.EclipseLogger - Using 'UTF-8' encoding to copy filtered resources.
2018-05-16 23:39:24,691 [Worker-458] INFO  o.e.m.c.i.embedder.EclipseLogger - skip non existing resourceDirectory D:\workspace_java_basic\Thread\src\test\resources
2018-05-16 23:40:26,210 [Worker-454] INFO  o.e.m.c.i.embedder.EclipseLogger - Using 'UTF-8' encoding to copy filtered resources.
2018-05-16 23:40:26,210 [Worker-454] INFO  o.e.m.c.i.embedder.EclipseLogger - skip non existing resourceDirectory D:\workspace_java_basic\Thread\src\main\resources
2018-05-16 23:40:26,211 [Worker-454] INFO  o.e.m.c.i.embedder.EclipseLogger - Using 'UTF-8' encoding to copy filtered resources.
2018-05-16 23:40:26,212 [Worker-454] INFO  o.e.m.c.i.embedder.EclipseLogger - skip non existing resourceDirectory D:\workspace_java_basic\Thread\src\test\resources
2018-05-16 23:40:36,669 [Worker-455] INFO  o.e.m.c.i.embedder.EclipseLogger - Using 'UTF-8' encoding to copy filtered resources.
2018-05-16 23:40:36,670 [Worker-455] INFO  o.e.m.c.i.embedder.EclipseLogger - skip non existing resourceDirectory D:\workspace_java_basic\Thread\src\main\resources
2018-05-16 23:40:36,670 [Worker-455] INFO  o.e.m.c.i.embedder.EclipseLogger - Using 'UTF-8' encoding to copy filtered resources.
2018-05-16 23:40:36,670 [Worker-455] INFO  o.e.m.c.i.embedder.EclipseLogger - skip non existing resourceDirectory D:\workspace_java_basic\Thread\src\test\resources
2018-05-16 23:40:54,416 [Worker-457] INFO  o.e.m.c.i.embedder.EclipseLogger - Using 'UTF-8' encoding to copy filtered resources.
2018-05-16 23:40:54,416 [Worker-457] INFO  o.e.m.c.i.embedder.EclipseLogger - skip non existing resourceDirectory D:\workspace_java_basic\Thread\src\main\resources
2018-05-16 23:40:54,418 [Worker-457] INFO  o.e.m.c.i.embedder.EclipseLogger - Using 'UTF-8' encoding to copy filtered resources.
2018-05-16 23:40:54,418 [Worker-457] INFO  o.e.m.c.i.embedder.EclipseLogger - skip non existing resourceDirectory D:\workspace_java_basic\Thread\src\test\resources
2018-05-16 23:41:05,159 [Worker-459] INFO  o.e.m.c.i.embedder.EclipseLogger - Using 'UTF-8' encoding to copy filtered resources.
2018-05-16 23:41:05,160 [Worker-459] INFO  o.e.m.c.i.embedder.EclipseLogger - skip non existing resourceDirectory D:\workspace_java_basic\Thread\src\main\resources
2018-05-16 23:41:05,161 [Worker-459] INFO  o.e.m.c.i.embedder.EclipseLogger - Using 'UTF-8' encoding to copy filtered resources.
2018-05-16 23:41:05,161 [Worker-459] INFO  o.e.m.c.i.embedder.EclipseLogger - skip non existing resourceDirectory D:\workspace_java_basic\Thread\src\test\resources
2018-05-16 23:44:56,067 [Worker-455] INFO  o.e.m.c.i.embedder.EclipseLogger - Using 'UTF-8' encoding to copy filtered resources.
2018-05-16 23:44:56,068 [Worker-455] INFO  o.e.m.c.i.embedder.EclipseLogger - skip non existing resourceDirectory D:\workspace_java_basic\Thread\src\main\resources
2018-05-16 23:44:56,069 [Worker-455] INFO  o.e.m.c.i.embedder.EclipseLogger - Using 'UTF-8' encoding to copy filtered resources.
2018-05-16 23:44:56,069 [Worker-455] INFO  o.e.m.c.i.embedder.EclipseLogger - skip non existing resourceDirectory D:\workspace_java_basic\Thread\src\test\resources
2018-05-16 23:46:52,490 [Worker-465] INFO  o.e.m.c.i.embedder.EclipseLogger - Using 'UTF-8' encoding to copy filtered resources.
2018-05-16 23:46:52,490 [Worker-465] INFO  o.e.m.c.i.embedder.EclipseLogger - skip non existing resourceDirectory D:\workspace_java_basic\Thread\src\main\resources
2018-05-16 23:46:52,491 [Worker-465] INFO  o.e.m.c.i.embedder.EclipseLogger - Using 'UTF-8' encoding to copy filtered resources.
2018-05-16 23:46:52,492 [Worker-465] INFO  o.e.m.c.i.embedder.EclipseLogger - skip non existing resourceDirectory D:\workspace_java_basic\Thread\src\test\resources
2018-05-16 23:47:40,704 [Worker-455] INFO  o.e.m.c.i.embedder.EclipseLogger - Using 'UTF-8' encoding to copy filtered resources.
2018-05-16 23:47:40,704 [Worker-455] INFO  o.e.m.c.i.embedder.EclipseLogger - skip non existing resourceDirectory D:\workspace_java_basic\Thread\src\main\resources
2018-05-16 23:47:40,706 [Worker-455] INFO  o.e.m.c.i.embedder.EclipseLogger - Using 'UTF-8' encoding to copy filtered resources.
2018-05-16 23:47:40,706 [Worker-455] INFO  o.e.m.c.i.embedder.EclipseLogger - skip non existing resourceDirectory D:\workspace_java_basic\Thread\src\test\resources
2018-05-16 23:48:47,208 [Worker-461] INFO  o.e.m.c.i.embedder.EclipseLogger - Using 'UTF-8' encoding to copy filtered resources.
2018-05-16 23:48:47,208 [Worker-461] INFO  o.e.m.c.i.embedder.EclipseLogger - skip non existing resourceDirectory D:\workspace_java_basic\Thread\src\main\resources
2018-05-16 23:48:47,209 [Worker-461] INFO  o.e.m.c.i.embedder.EclipseLogger - Using 'UTF-8' encoding to copy filtered resources.
2018-05-16 23:48:47,209 [Worker-461] INFO  o.e.m.c.i.embedder.EclipseLogger - skip non existing resourceDirectory D:\workspace_java_basic\Thread\src\test\resources
2018-05-16 23:48:52,252 [Worker-440] INFO  o.e.m.c.i.embedder.EclipseLogger - Using 'UTF-8' encoding to copy filtered resources.
2018-05-16 23:48:52,252 [Worker-440] INFO  o.e.m.c.i.embedder.EclipseLogger - skip non existing resourceDirectory D:\workspace_java_basic\Thread\src\main\resources
2018-05-16 23:48:52,253 [Worker-440] INFO  o.e.m.c.i.embedder.EclipseLogger - Using 'UTF-8' encoding to copy filtered resources.
2018-05-16 23:48:52,253 [Worker-440] INFO  o.e.m.c.i.embedder.EclipseLogger - skip non existing resourceDirectory D:\workspace_java_basic\Thread\src\test\resources
2018-05-16 23:50:35,137 [Worker-461] INFO  o.e.m.c.i.embedder.EclipseLogger - Using 'UTF-8' encoding to copy filtered resources.
2018-05-16 23:50:35,137 [Worker-461] INFO  o.e.m.c.i.embedder.EclipseLogger - skip non existing resourceDirectory D:\workspace_java_basic\Thread\src\main\resources
2018-05-16 23:50:35,138 [Worker-461] INFO  o.e.m.c.i.embedder.EclipseLogger - Using 'UTF-8' encoding to copy filtered resources.
2018-05-16 23:50:35,138 [Worker-461] INFO  o.e.m.c.i.embedder.EclipseLogger - skip non existing resourceDirectory D:\workspace_java_basic\Thread\src\test\resources
2018-05-16 23:50:59,704 [Worker-464] INFO  o.e.m.c.i.embedder.EclipseLogger - Using 'UTF-8' encoding to copy filtered resources.
2018-05-16 23:50:59,704 [Worker-464] INFO  o.e.m.c.i.embedder.EclipseLogger - skip non existing resourceDirectory D:\workspace_java_basic\Thread\src\main\resources
2018-05-16 23:50:59,705 [Worker-464] INFO  o.e.m.c.i.embedder.EclipseLogger - Using 'UTF-8' encoding to copy filtered resources.
2018-05-16 23:50:59,705 [Worker-464] INFO  o.e.m.c.i.embedder.EclipseLogger - skip non existing resourceDirectory D:\workspace_java_basic\Thread\src\test\resources
2018-05-16 23:51:11,747 [Worker-463] INFO  o.e.m.c.i.embedder.EclipseLogger - Using 'UTF-8' encoding to copy filtered resources.
2018-05-16 23:51:11,748 [Worker-463] INFO  o.e.m.c.i.embedder.EclipseLogger - skip non existing resourceDirectory D:\workspace_java_basic\Thread\src\main\resources
2018-05-16 23:51:11,749 [Worker-463] INFO  o.e.m.c.i.embedder.EclipseLogger - Using 'UTF-8' encoding to copy filtered resources.
2018-05-16 23:51:11,749 [Worker-463] INFO  o.e.m.c.i.embedder.EclipseLogger - skip non existing resourceDirectory D:\workspace_java_basic\Thread\src\test\resources
